<testsuites id="" name="" tests="7" failures="7" skipped="0" errors="0" time="17.756828000000002">
<testsuite name="student-academics-and-attendance.spec.ts" timestamp="2026-03-12T15:23:07.210Z" hostname="chromium" tests="1" failures="1" skipped="0" time="5.758" errors="0">
<testcase name="student academics and attendance surfaces › renders student visualizations, academic results, and attendance actions" classname="student-academics-and-attendance.spec.ts" time="5.758">
<failure message="student-academics-and-attendance.spec.ts:11:3 renders student visualizations, academic results, and attendance actions" type="FAILURE">
<![CDATA[  [chromium] › student-academics-and-attendance.spec.ts:11:3 › student academics and attendance surfaces › renders student visualizations, academic results, and attendance actions 

    Error: expect(locator).toBeVisible() failed

    Locator: locator('main').getByRole('heading', { name: 'Performance Trend' })
    Expected: visible
    Timeout: 5000ms
    Error: element(s) not found

    Call log:
      - Expect "toBeVisible" with timeout 5000ms
      - waiting for locator('main').getByRole('heading', { name: 'Performance Trend' })


      17 |     const main = page.locator('main');
      18 |
    > 19 |     await expect(main.getByRole('heading', { name: 'Performance Trend' })).toBeVisible();
         |                                                                            ^
      20 |     await expect(main.getByRole('heading', { name: 'Attendance Trend' })).toBeVisible();
      21 |
      22 |     await main.getByRole('button', { name: 'Academics' }).click();
        at /Users/dinesh/Documents/GitHub/EMS/school-dashboard/tests/student-academics-and-attendance.spec.ts:19:76

    attachment #1: screenshot (image/png) ──────────────────────────────────────────────────────────
    ../test-results/student-academics-and-atte-7fecf-ults-and-attendance-actions-chromium/test-failed-1.png
    ────────────────────────────────────────────────────────────────────────────────────────────────

    attachment #2: video (video/webm) ──────────────────────────────────────────────────────────────
    ../test-results/student-academics-and-atte-7fecf-ults-and-attendance-actions-chromium/video.webm
    ────────────────────────────────────────────────────────────────────────────────────────────────

    Error Context: ../test-results/student-academics-and-atte-7fecf-ults-and-attendance-actions-chromium/error-context.md

    attachment #4: trace (application/zip) ─────────────────────────────────────────────────────────
    ../test-results/student-academics-and-atte-7fecf-ults-and-attendance-actions-chromium/trace.zip
    Usage:

        npx playwright show-trace ../test-results/student-academics-and-atte-7fecf-ults-and-attendance-actions-chromium/trace.zip

    ────────────────────────────────────────────────────────────────────────────────────────────────
]]>
</failure>
<system-out>
<![CDATA[
[[ATTACHMENT|student-academics-and-atte-7fecf-ults-and-attendance-actions-chromium/test-failed-1.png]]

[[ATTACHMENT|student-academics-and-atte-7fecf-ults-and-attendance-actions-chromium/video.webm]]

[[ATTACHMENT|student-academics-and-atte-7fecf-ults-and-attendance-actions-chromium/error-context.md]]

[[ATTACHMENT|student-academics-and-atte-7fecf-ults-and-attendance-actions-chromium/trace.zip]]
]]>
</system-out>
</testcase>
</testsuite>
<testsuite name="student-create-and-edit.spec.ts" timestamp="2026-03-12T15:23:07.210Z" hostname="chromium" tests="2" failures="2" skipped="0" time="11.412" errors="0">
<testcase name="student create and edit flows › validates required fields, date format, and guardian phone details" classname="student-create-and-edit.spec.ts" time="5.548">
<failure message="student-create-and-edit.spec.ts:14:3 validates required fields, date format, and guardian phone details" type="FAILURE">
<![CDATA[  [chromium] › student-create-and-edit.spec.ts:14:3 › student create and edit flows › validates required fields, date format, and guardian phone details 

    Error: expect(locator).toBeVisible() failed

    Locator: getByRole('heading', { name: 'All Students' })
    Expected: visible
    Timeout: 5000ms
    Error: element(s) not found

    Call log:
      - Expect "toBeVisible" with timeout 5000ms
      - waiting for getByRole('heading', { name: 'All Students' })


       at student-test-utils.ts:1110

      1108 | export async function openManualStudentRegistration(page: Page) {
      1109 |   await page.goto('/students');
    > 1110 |   await expect(page.getByRole('heading', { name: 'All Students' })).toBeVisible();
           |                                                                     ^
      1111 |   await page.getByRole('button', { name: 'New Student' }).click();
      1112 |   await page.getByRole('button', { name: /Manual Registration/i }).click();
      1113 |   const drawer = page.locator('body [role="dialog"]').last();
        at openManualStudentRegistration (/Users/dinesh/Documents/GitHub/EMS/school-dashboard/tests/student-test-utils.ts:1110:69)
        at /Users/dinesh/Documents/GitHub/EMS/school-dashboard/tests/student-create-and-edit.spec.ts:18:20

    attachment #1: screenshot (image/png) ──────────────────────────────────────────────────────────
    ../test-results/student-create-and-edit-st-f9fe4--and-guardian-phone-details-chromium/test-failed-1.png
    ────────────────────────────────────────────────────────────────────────────────────────────────

    attachment #2: video (video/webm) ──────────────────────────────────────────────────────────────
    ../test-results/student-create-and-edit-st-f9fe4--and-guardian-phone-details-chromium/video.webm
    ────────────────────────────────────────────────────────────────────────────────────────────────

    Error Context: ../test-results/student-create-and-edit-st-f9fe4--and-guardian-phone-details-chromium/error-context.md

    attachment #4: trace (application/zip) ─────────────────────────────────────────────────────────
    ../test-results/student-create-and-edit-st-f9fe4--and-guardian-phone-details-chromium/trace.zip
    Usage:

        npx playwright show-trace ../test-results/student-create-and-edit-st-f9fe4--and-guardian-phone-details-chromium/trace.zip

    ────────────────────────────────────────────────────────────────────────────────────────────────
]]>
</failure>
<system-out>
<![CDATA[
[[ATTACHMENT|student-create-and-edit-st-f9fe4--and-guardian-phone-details-chromium/test-failed-1.png]]

[[ATTACHMENT|student-create-and-edit-st-f9fe4--and-guardian-phone-details-chromium/video.webm]]

[[ATTACHMENT|student-create-and-edit-st-f9fe4--and-guardian-phone-details-chromium/error-context.md]]

[[ATTACHMENT|student-create-and-edit-st-f9fe4--and-guardian-phone-details-chromium/trace.zip]]
]]>
</system-out>
</testcase>
<testcase name="student create and edit flows › creates a student and updates profile details from the dashboard edit drawer" classname="student-create-and-edit.spec.ts" time="5.864">
<failure message="student-create-and-edit.spec.ts:44:3 creates a student and updates profile details from the dashboard edit drawer" type="FAILURE">
<![CDATA[  [chromium] › student-create-and-edit.spec.ts:44:3 › student create and edit flows › creates a student and updates profile details from the dashboard edit drawer 

    Error: expect(locator).toBeVisible() failed

    Locator: getByRole('heading', { name: 'All Students' })
    Expected: visible
    Timeout: 5000ms
    Error: element(s) not found

    Call log:
      - Expect "toBeVisible" with timeout 5000ms
      - waiting for getByRole('heading', { name: 'All Students' })


       at student-test-utils.ts:1110

      1108 | export async function openManualStudentRegistration(page: Page) {
      1109 |   await page.goto('/students');
    > 1110 |   await expect(page.getByRole('heading', { name: 'All Students' })).toBeVisible();
           |                                                                     ^
      1111 |   await page.getByRole('button', { name: 'New Student' }).click();
      1112 |   await page.getByRole('button', { name: /Manual Registration/i }).click();
      1113 |   const drawer = page.locator('body [role="dialog"]').last();
        at openManualStudentRegistration (/Users/dinesh/Documents/GitHub/EMS/school-dashboard/tests/student-test-utils.ts:1110:69)
        at createStudentViaUi (/Users/dinesh/Documents/GitHub/EMS/school-dashboard/tests/student-test-utils.ts:1120:18)
        at /Users/dinesh/Documents/GitHub/EMS/school-dashboard/tests/student-create-and-edit.spec.ts:50:27

    attachment #1: screenshot (image/png) ──────────────────────────────────────────────────────────
    ../test-results/student-create-and-edit-st-f0dbe-m-the-dashboard-edit-drawer-chromium/test-failed-1.png
    ────────────────────────────────────────────────────────────────────────────────────────────────

    attachment #2: video (video/webm) ──────────────────────────────────────────────────────────────
    ../test-results/student-create-and-edit-st-f0dbe-m-the-dashboard-edit-drawer-chromium/video.webm
    ────────────────────────────────────────────────────────────────────────────────────────────────

    Error Context: ../test-results/student-create-and-edit-st-f0dbe-m-the-dashboard-edit-drawer-chromium/error-context.md

    attachment #4: trace (application/zip) ─────────────────────────────────────────────────────────
    ../test-results/student-create-and-edit-st-f0dbe-m-the-dashboard-edit-drawer-chromium/trace.zip
    Usage:

        npx playwright show-trace ../test-results/student-create-and-edit-st-f0dbe-m-the-dashboard-edit-drawer-chromium/trace.zip

    ────────────────────────────────────────────────────────────────────────────────────────────────
]]>
</failure>
<system-out>
<![CDATA[
[[ATTACHMENT|student-create-and-edit-st-f0dbe-m-the-dashboard-edit-drawer-chromium/test-failed-1.png]]

[[ATTACHMENT|student-create-and-edit-st-f0dbe-m-the-dashboard-edit-drawer-chromium/video.webm]]

[[ATTACHMENT|student-create-and-edit-st-f0dbe-m-the-dashboard-edit-drawer-chromium/error-context.md]]

[[ATTACHMENT|student-create-and-edit-st-f0dbe-m-the-dashboard-edit-drawer-chromium/trace.zip]]
]]>
</system-out>
</testcase>
</testsuite>
<testsuite name="student-cross-module-visibility.spec.ts" timestamp="2026-03-12T15:23:07.210Z" hostname="chromium" tests="1" failures="1" skipped="0" time="5.772" errors="0">
<testcase name="student cross-module visibility › shows a newly created student across list, attendance, classes, and front desk flows" classname="student-cross-module-visibility.spec.ts" time="5.772">
<failure message="student-cross-module-visibility.spec.ts:10:3 shows a newly created student across list, attendance, classes, and front desk flows" type="FAILURE">
<![CDATA[  [chromium] › student-cross-module-visibility.spec.ts:10:3 › student cross-module visibility › shows a newly created student across list, attendance, classes, and front desk flows 

    Error: expect(locator).toBeVisible() failed

    Locator: getByRole('heading', { name: 'All Students' })
    Expected: visible
    Timeout: 5000ms
    Error: element(s) not found

    Call log:
      - Expect "toBeVisible" with timeout 5000ms
      - waiting for getByRole('heading', { name: 'All Students' })


       at student-test-utils.ts:1110

      1108 | export async function openManualStudentRegistration(page: Page) {
      1109 |   await page.goto('/students');
    > 1110 |   await expect(page.getByRole('heading', { name: 'All Students' })).toBeVisible();
           |                                                                     ^
      1111 |   await page.getByRole('button', { name: 'New Student' }).click();
      1112 |   await page.getByRole('button', { name: /Manual Registration/i }).click();
      1113 |   const drawer = page.locator('body [role="dialog"]').last();
        at openManualStudentRegistration (/Users/dinesh/Documents/GitHub/EMS/school-dashboard/tests/student-test-utils.ts:1110:69)
        at createStudentViaUi (/Users/dinesh/Documents/GitHub/EMS/school-dashboard/tests/student-test-utils.ts:1120:18)
        at /Users/dinesh/Documents/GitHub/EMS/school-dashboard/tests/student-cross-module-visibility.spec.ts:16:5

    attachment #1: screenshot (image/png) ──────────────────────────────────────────────────────────
    ../test-results/student-cross-module-visib-a6490-lasses-and-front-desk-flows-chromium/test-failed-1.png
    ────────────────────────────────────────────────────────────────────────────────────────────────

    attachment #2: video (video/webm) ──────────────────────────────────────────────────────────────
    ../test-results/student-cross-module-visib-a6490-lasses-and-front-desk-flows-chromium/video.webm
    ────────────────────────────────────────────────────────────────────────────────────────────────

    Error Context: ../test-results/student-cross-module-visib-a6490-lasses-and-front-desk-flows-chromium/error-context.md

    attachment #4: trace (application/zip) ─────────────────────────────────────────────────────────
    ../test-results/student-cross-module-visib-a6490-lasses-and-front-desk-flows-chromium/trace.zip
    Usage:

        npx playwright show-trace ../test-results/student-cross-module-visib-a6490-lasses-and-front-desk-flows-chromium/trace.zip

    ────────────────────────────────────────────────────────────────────────────────────────────────
]]>
</failure>
<system-out>
<![CDATA[
[[ATTACHMENT|student-cross-module-visib-a6490-lasses-and-front-desk-flows-chromium/test-failed-1.png]]

[[ATTACHMENT|student-cross-module-visib-a6490-lasses-and-front-desk-flows-chromium/video.webm]]

[[ATTACHMENT|student-cross-module-visib-a6490-lasses-and-front-desk-flows-chromium/error-context.md]]

[[ATTACHMENT|student-cross-module-visib-a6490-lasses-and-front-desk-flows-chromium/trace.zip]]
]]>
</system-out>
</testcase>
</testsuite>
<testsuite name="student-fees-and-remarks.spec.ts" timestamp="2026-03-12T15:23:07.210Z" hostname="chromium" tests="2" failures="2" skipped="0" time="21.034" errors="0">
<testcase name="student fees and remarks workflows › initializes fee structure and records a payment from the student dashboard" classname="student-fees-and-remarks.spec.ts" time="10.532">
<failure message="student-fees-and-remarks.spec.ts:13:3 initializes fee structure and records a payment from the student dashboard" type="FAILURE">
<![CDATA[  [chromium] › student-fees-and-remarks.spec.ts:13:3 › student fees and remarks workflows › initializes fee structure and records a payment from the student dashboard 

    TimeoutError: locator.click: Timeout 10000ms exceeded.
    Call log:
      - waiting for locator('main').getByRole('button', { name: 'Fees' })


      20 |     const main = page.locator('main');
      21 |
    > 22 |     await main.getByRole('button', { name: 'Fees' }).click();
         |                                                      ^
      23 |     await expect(main.getByText('Total Outstanding')).toBeVisible();
      24 |     await expect(main.getByText('₹35,000').first()).toBeVisible();
      25 |
        at /Users/dinesh/Documents/GitHub/EMS/school-dashboard/tests/student-fees-and-remarks.spec.ts:22:54

    attachment #1: screenshot (image/png) ──────────────────────────────────────────────────────────
    ../test-results/student-fees-and-remarks-s-e9b34--from-the-student-dashboard-chromium/test-failed-1.png
    ────────────────────────────────────────────────────────────────────────────────────────────────

    attachment #2: video (video/webm) ──────────────────────────────────────────────────────────────
    ../test-results/student-fees-and-remarks-s-e9b34--from-the-student-dashboard-chromium/video.webm
    ────────────────────────────────────────────────────────────────────────────────────────────────

    Error Context: ../test-results/student-fees-and-remarks-s-e9b34--from-the-student-dashboard-chromium/error-context.md

    attachment #4: trace (application/zip) ─────────────────────────────────────────────────────────
    ../test-results/student-fees-and-remarks-s-e9b34--from-the-student-dashboard-chromium/trace.zip
    Usage:

        npx playwright show-trace ../test-results/student-fees-and-remarks-s-e9b34--from-the-student-dashboard-chromium/trace.zip

    ────────────────────────────────────────────────────────────────────────────────────────────────
]]>
</failure>
<system-out>
<![CDATA[
[[ATTACHMENT|student-fees-and-remarks-s-e9b34--from-the-student-dashboard-chromium/test-failed-1.png]]

[[ATTACHMENT|student-fees-and-remarks-s-e9b34--from-the-student-dashboard-chromium/video.webm]]

[[ATTACHMENT|student-fees-and-remarks-s-e9b34--from-the-student-dashboard-chromium/error-context.md]]

[[ATTACHMENT|student-fees-and-remarks-s-e9b34--from-the-student-dashboard-chromium/trace.zip]]
]]>
</system-out>
</testcase>
<testcase name="student fees and remarks workflows › adds a remark and filters remarks by category" classname="student-fees-and-remarks.spec.ts" time="10.502">
<failure message="student-fees-and-remarks.spec.ts:45:3 adds a remark and filters remarks by category" type="FAILURE">
<![CDATA[  [chromium] › student-fees-and-remarks.spec.ts:45:3 › student fees and remarks workflows › adds a remark and filters remarks by category 

    TimeoutError: locator.click: Timeout 10000ms exceeded.
    Call log:
      - waiting for locator('main').getByRole('button', { name: 'Remarks' })


      62 |     const main = page.locator('main');
      63 |
    > 64 |     await main.getByRole('button', { name: 'Remarks' }).click();
         |                                                         ^
      65 |     await expect(main.getByText('Health concern')).toBeVisible();
      66 |
      67 |     await main.getByRole('button', { name: 'Add Remark' }).click();
        at /Users/dinesh/Documents/GitHub/EMS/school-dashboard/tests/student-fees-and-remarks.spec.ts:64:57

    attachment #1: screenshot (image/png) ──────────────────────────────────────────────────────────
    ../test-results/student-fees-and-remarks-s-c6722-filters-remarks-by-category-chromium/test-failed-1.png
    ────────────────────────────────────────────────────────────────────────────────────────────────

    attachment #2: video (video/webm) ──────────────────────────────────────────────────────────────
    ../test-results/student-fees-and-remarks-s-c6722-filters-remarks-by-category-chromium/video.webm
    ────────────────────────────────────────────────────────────────────────────────────────────────

    Error Context: ../test-results/student-fees-and-remarks-s-c6722-filters-remarks-by-category-chromium/error-context.md

    attachment #4: trace (application/zip) ─────────────────────────────────────────────────────────
    ../test-results/student-fees-and-remarks-s-c6722-filters-remarks-by-category-chromium/trace.zip
    Usage:

        npx playwright show-trace ../test-results/student-fees-and-remarks-s-c6722-filters-remarks-by-category-chromium/trace.zip

    ────────────────────────────────────────────────────────────────────────────────────────────────
]]>
</failure>
<system-out>
<![CDATA[
[[ATTACHMENT|student-fees-and-remarks-s-c6722-filters-remarks-by-category-chromium/test-failed-1.png]]

[[ATTACHMENT|student-fees-and-remarks-s-c6722-filters-remarks-by-category-chromium/video.webm]]

[[ATTACHMENT|student-fees-and-remarks-s-c6722-filters-remarks-by-category-chromium/error-context.md]]

[[ATTACHMENT|student-fees-and-remarks-s-c6722-filters-remarks-by-category-chromium/trace.zip]]
]]>
</system-out>
</testcase>
</testsuite>
<testsuite name="student-lifecycle.spec.ts" timestamp="2026-03-12T15:23:07.210Z" hostname="chromium" tests="1" failures="1" skipped="0" time="5.328" errors="0">
<testcase name="student module lifecycle › covers creation, profile data, visualizations, fees, remarks, documents, ratings, promotion, and cross-module visibility" classname="student-lifecycle.spec.ts" time="5.328">
<properties>
<property name="slow" value="">
</property>
</properties>
<failure message="student-lifecycle.spec.ts:979:3 covers creation, profile data, visualizations, fees, remarks, documents, ratings, promotion, and cross-module visibility" type="FAILURE">
<![CDATA[  [chromium] › student-lifecycle.spec.ts:979:3 › student module lifecycle › covers creation, profile data, visualizations, fees, remarks, documents, ratings, promotion, and cross-module visibility 

    Error: expect(locator).toBeVisible() failed

    Locator: getByRole('heading', { name: 'All Students' })
    Expected: visible
    Timeout: 5000ms
    Error: element(s) not found

    Call log:
      - Expect "toBeVisible" with timeout 5000ms
      - waiting for getByRole('heading', { name: 'All Students' })


      988 |     await page.goto('/students');
      989 |
    > 990 |     await expect(page.getByRole('heading', { name: 'All Students' })).toBeVisible();
          |                                                                       ^
      991 |     await page.getByRole('button', { name: 'New Student' }).click();
      992 |     await page.getByRole('button', { name: /Manual Registration/i }).click();
      993 |
        at /Users/dinesh/Documents/GitHub/EMS/school-dashboard/tests/student-lifecycle.spec.ts:990:71

    attachment #1: screenshot (image/png) ──────────────────────────────────────────────────────────
    ../test-results/student-lifecycle-student--dd890-and-cross-module-visibility-chromium/test-failed-1.png
    ────────────────────────────────────────────────────────────────────────────────────────────────

    attachment #2: video (video/webm) ──────────────────────────────────────────────────────────────
    ../test-results/student-lifecycle-student--dd890-and-cross-module-visibility-chromium/video.webm
    ────────────────────────────────────────────────────────────────────────────────────────────────

    attachment #3: trace (application/zip) ─────────────────────────────────────────────────────────
    ../test-results/student-lifecycle-student--dd890-and-cross-module-visibility-chromium/trace.zip
    Usage:

        npx playwright show-trace ../test-results/student-lifecycle-student--dd890-and-cross-module-visibility-chromium/trace.zip

    ────────────────────────────────────────────────────────────────────────────────────────────────
]]>
</failure>
<system-out>
<![CDATA[
[[ATTACHMENT|student-lifecycle-student--dd890-and-cross-module-visibility-chromium/test-failed-1.png]]

[[ATTACHMENT|student-lifecycle-student--dd890-and-cross-module-visibility-chromium/video.webm]]

[[ATTACHMENT|student-lifecycle-student--dd890-and-cross-module-visibility-chromium/trace.zip]]
]]>
</system-out>
</testcase>
</testsuite>
</testsuites>