<testsuites id="" name="" tests="513" failures="4" skipped="0" errors="0" time="949.0585279999999">
<testsuite name="academic-year-transition.spec.ts" timestamp="2026-03-20T21:01:26.499Z" hostname="chromium" tests="4" failures="0" skipped="0" time="14.531" errors="0">
<testcase name="academic year transition → student promotion → data migration › validates that from-year and to-year must differ" classname="academic-year-transition.spec.ts" time="1.789">
</testcase>
<testcase name="academic year transition → student promotion → data migration › completes full promotion wizard: class mappings → review → execute → verify data migration" classname="academic-year-transition.spec.ts" time="5.967">
<system-err>
<![CDATA[[Mock API] Unmocked route: GET /api/promotions/rules
]]>
</system-err>
</testcase>
<testcase name="academic year transition → student promotion → data migration › rolls back promotion and verifies student records are restored" classname="academic-year-transition.spec.ts" time="5.979">
<system-err>
<![CDATA[[Mock API] Unmocked route: GET /api/promotions/rules
]]>
</system-err>
</testcase>
<testcase name="academic year transition → student promotion → data migration › new academic year creation copies class structure with correct data" classname="academic-year-transition.spec.ts" time="0.796">
</testcase>
</testsuite>
<testsuite name="academics-performance.spec.ts" timestamp="2026-03-20T21:01:26.499Z" hostname="chromium" tests="14" failures="0" skipped="0" time="73.521" errors="0">
<testcase name="Academics — Performance Dashboard &amp; CBSE Reports › performance dashboard shows class average, pass percentage, topper info" classname="academics-performance.spec.ts" time="5.105">
</testcase>
<testcase name="Academics — Performance Dashboard &amp; CBSE Reports › subject-wise breakdown with average, highest, lowest per subject" classname="academics-performance.spec.ts" time="5.22">
</testcase>
<testcase name="Academics — Performance Dashboard &amp; CBSE Reports › bar and pie charts render for subject comparison and grade distribution" classname="academics-performance.spec.ts" time="5.222">
</testcase>
<testcase name="Academics — Performance Dashboard &amp; CBSE Reports › filter performance by exam type (unit test, midterm, final)" classname="academics-performance.spec.ts" time="5.111">
</testcase>
<testcase name="Academics — Performance Dashboard &amp; CBSE Reports › student-wise performance shows individual exam history with trend" classname="academics-performance.spec.ts" time="6.725">
</testcase>
<testcase name="Academics — Performance Dashboard &amp; CBSE Reports › report cards endpoint returns student list with marks, grade, rank" classname="academics-performance.spec.ts" time="5.191">
</testcase>
<testcase name="Academics — Performance Dashboard &amp; CBSE Reports › generate report cards creates PDF-ready data" classname="academics-performance.spec.ts" time="5.079">
</testcase>
<testcase name="Academics — Performance Dashboard &amp; CBSE Reports › download individual report card as PDF" classname="academics-performance.spec.ts" time="5.1">
</testcase>
<testcase name="Academics — Performance Dashboard &amp; CBSE Reports › bulk download all report cards for class" classname="academics-performance.spec.ts" time="5.113">
</testcase>
<testcase name="Academics — Performance Dashboard &amp; CBSE Reports › CBSE report card template supports CCE grading format (scholastic &amp; co-scholastic)" classname="academics-performance.spec.ts" time="5.186">
</testcase>
<testcase name="Academics — Performance Dashboard &amp; CBSE Reports › report card includes attendance data and teacher remarks" classname="academics-performance.spec.ts" time="5.11">
</testcase>
<testcase name="Academics — Performance Dashboard &amp; CBSE Reports › grade auto-computed from percentage using school grade scale" classname="academics-performance.spec.ts" time="5.111">
</testcase>
<testcase name="Academics — Performance Dashboard &amp; CBSE Reports › rank calculated correctly with tie handling" classname="academics-performance.spec.ts" time="5.138">
</testcase>
<testcase name="Academics — Performance Dashboard &amp; CBSE Reports › performance comparison across multiple exams" classname="academics-performance.spec.ts" time="5.11">
</testcase>
</testsuite>
<testsuite name="ai-assistant.spec.ts" timestamp="2026-03-20T21:01:26.499Z" hostname="chromium" tests="10" failures="0" skipped="0" time="50.444" errors="0">
<testcase name="AI Assistant — Chat Interface &amp; Prompts › page loads with chat interface and empty message area" classname="ai-assistant.spec.ts" time="4.815">
</testcase>
<testcase name="AI Assistant — Chat Interface &amp; Prompts › pre-built prompt suggestions are displayed before first message" classname="ai-assistant.spec.ts" time="4.863">
</testcase>
<testcase name="AI Assistant — Chat Interface &amp; Prompts › clicking a suggestion fills the input" classname="ai-assistant.spec.ts" time="4.87">
</testcase>
<testcase name="AI Assistant — Chat Interface &amp; Prompts › typing a message and sending shows user message in chat" classname="ai-assistant.spec.ts" time="4.836">
</testcase>
<testcase name="AI Assistant — Chat Interface &amp; Prompts › AI response appears after loading state" classname="ai-assistant.spec.ts" time="4.931">
</testcase>
<testcase name="AI Assistant — Chat Interface &amp; Prompts › model selector dropdown shows available models" classname="ai-assistant.spec.ts" time="4.875">
</testcase>
<testcase name="AI Assistant — Chat Interface &amp; Prompts › copy AI response button copies text to clipboard" classname="ai-assistant.spec.ts" time="4.967">
</testcase>
<testcase name="AI Assistant — Chat Interface &amp; Prompts › loading state shows during AI response generation" classname="ai-assistant.spec.ts" time="6.667">
</testcase>
<testcase name="AI Assistant — Chat Interface &amp; Prompts › feature flag gating shows UpgradePrompt when aiAssistant is disabled" classname="ai-assistant.spec.ts" time="4.816">
</testcase>
<testcase name="AI Assistant — Chat Interface &amp; Prompts › error handling when AI service fails shows friendly error message" classname="ai-assistant.spec.ts" time="4.804">
</testcase>
</testsuite>
<testsuite name="analytics-dashboard.spec.ts" timestamp="2026-03-20T21:01:26.499Z" hostname="chromium" tests="12" failures="0" skipped="0" time="111.411" errors="0">
<testcase name="Analytics Dashboard › displays 4 KPI stat cards with correct totals" classname="analytics-dashboard.spec.ts" time="8.315">
</testcase>
<testcase name="Analytics Dashboard › date preset selector changes active filter and triggers refetch" classname="analytics-dashboard.spec.ts" time="8.416">
</testcase>
<testcase name="Analytics Dashboard › attendance section shows average and weekly trend chart" classname="analytics-dashboard.spec.ts" time="8.284">
</testcase>
<testcase name="Analytics Dashboard › attendance trends chart displays weekday data points" classname="analytics-dashboard.spec.ts" time="8.276">
</testcase>
<testcase name="Analytics Dashboard › student distribution pie chart shows status breakdown" classname="analytics-dashboard.spec.ts" time="8.299">
</testcase>
<testcase name="Analytics Dashboard › fee collection bar chart shows paid, pending, overdue" classname="analytics-dashboard.spec.ts" time="8.288">
</testcase>
<testcase name="Analytics Dashboard › clicking a pie chart slice opens drill-down panel" classname="analytics-dashboard.spec.ts" time="8.398">
</testcase>
<testcase name="Analytics Dashboard › renders gracefully when API returns zero data" classname="analytics-dashboard.spec.ts" time="5.121">
</testcase>
<testcase name="Analytics Dashboard › shows loading state while attendance data is being fetched" classname="analytics-dashboard.spec.ts" time="6.161">
</testcase>
<testcase name="Analytics Dashboard › changing date filter updates charts simultaneously" classname="analytics-dashboard.spec.ts" time="10.229">
</testcase>
<testcase name="Analytics Dashboard › shows graceful message when attendance API fails" classname="analytics-dashboard.spec.ts" time="23.285">
</testcase>
<testcase name="Analytics Dashboard › analytics data reflects current academic year from settings" classname="analytics-dashboard.spec.ts" time="8.339">
</testcase>
</testsuite>
<testsuite name="attendance-marking.spec.ts" timestamp="2026-03-20T21:01:26.499Z" hostname="chromium" tests="9" failures="0" skipped="0" time="57.931" errors="0">
<testcase name="Attendance Marking › attendance page loads with class selector" classname="attendance-marking.spec.ts" time="10.119">
</testcase>
<testcase name="Attendance Marking › selecting a class loads the student list for attendance" classname="attendance-marking.spec.ts" time="5.328">
</testcase>
<testcase name="Attendance Marking › previously marked attendance shows saved status" classname="attendance-marking.spec.ts" time="5.156">
</testcase>
<testcase name="Attendance Marking › empty class shows appropriate message" classname="attendance-marking.spec.ts" time="5.121">
</testcase>
<testcase name="Attendance Marking › attendance statistics are displayed" classname="attendance-marking.spec.ts" time="5.14">
</testcase>
<testcase name="Attendance Marking › class attendance history can be viewed" classname="attendance-marking.spec.ts" time="5.127">
</testcase>
<testcase name="Attendance Marking › student-level attendance detail accessible" classname="attendance-marking.spec.ts" time="6.643">
</testcase>
<testcase name="Attendance Marking › multiple classes have independent attendance" classname="attendance-marking.spec.ts" time="10.169">
</testcase>
<testcase name="Attendance Marking › attendance report view shows summary" classname="attendance-marking.spec.ts" time="5.128">
</testcase>
</testsuite>
<testsuite name="auth-and-session.spec.ts" timestamp="2026-03-20T21:01:26.499Z" hostname="chromium" tests="10" failures="0" skipped="0" time="14.948" errors="0">
<testcase name="Authentication &amp; Session Management › login with valid credentials redirects to dashboard" classname="auth-and-session.spec.ts" time="0.928">
</testcase>
<testcase name="Authentication &amp; Session Management › login with invalid credentials shows error" classname="auth-and-session.spec.ts" time="0.904">
</testcase>
<testcase name="Authentication &amp; Session Management › login with empty fields prevents submission" classname="auth-and-session.spec.ts" time="1.839">
</testcase>
<testcase name="Authentication &amp; Session Management › password visibility toggle works" classname="auth-and-session.spec.ts" time="0.955">
</testcase>
<testcase name="Authentication &amp; Session Management › session restore from storage on page reload" classname="auth-and-session.spec.ts" time="6.438">
<system-err>
<![CDATA[[Mock API] Unmocked route: GET /api/settings/onboarding-status
[Mock API] Unmocked route: GET /api/substitution-alerts
]]>
</system-err>
</testcase>
<testcase name="Authentication &amp; Session Management › authenticated user accessing /login redirects to dashboard" classname="auth-and-session.spec.ts" time="0.554">
</testcase>
<testcase name="Authentication &amp; Session Management › 2FA flow: login prompts for code then grants access" classname="auth-and-session.spec.ts" time="1.051">
</testcase>
<testcase name="Authentication &amp; Session Management › 2FA with invalid code shows error" classname="auth-and-session.spec.ts" time="0.958">
</testcase>
<testcase name="Authentication &amp; Session Management › expired token triggers redirect to login" classname="auth-and-session.spec.ts" time="0.512">
</testcase>
<testcase name="Authentication &amp; Session Management › signup link is visible on login page" classname="auth-and-session.spec.ts" time="0.809">
</testcase>
</testsuite>
<testsuite name="calendar-events.spec.ts" timestamp="2026-03-20T21:01:26.499Z" hostname="chromium" tests="12" failures="0" skipped="0" time="66.827" errors="0">
<testcase name="Calendar — Events &amp; Navigation › 1 — calendar page loads with month view showing current month" classname="calendar-events.spec.ts" time="4.766">
</testcase>
<testcase name="Calendar — Events &amp; Navigation › 2 — navigation arrows switch to previous/next month" classname="calendar-events.spec.ts" time="5.098">
</testcase>
<testcase name="Calendar — Events &amp; Navigation › 3 — week view and day view toggle buttons work" classname="calendar-events.spec.ts" time="5.626">
</testcase>
<testcase name="Calendar — Events &amp; Navigation › 4 — events appear on correct date cells with type-based color coding" classname="calendar-events.spec.ts" time="4.693">
</testcase>
<testcase name="Calendar — Events &amp; Navigation › 5 — clicking a date cell opens Create Event drawer" classname="calendar-events.spec.ts" time="5.228">
</testcase>
<testcase name="Calendar — Events &amp; Navigation › 6 — Create Event form has fields: type, title, date/time" classname="calendar-events.spec.ts" time="5.234">
</testcase>
<testcase name="Calendar — Events &amp; Navigation › 7 — creating event adds it to the calendar grid" classname="calendar-events.spec.ts" time="5.976">
</testcase>
<testcase name="Calendar — Events &amp; Navigation › 8 — clicking an existing event shows event detail modal" classname="calendar-events.spec.ts" time="5.293">
</testcase>
<testcase name="Calendar — Events &amp; Navigation › 9 — edit event updates the event and re-renders" classname="calendar-events.spec.ts" time="9.121">
</testcase>
<testcase name="Calendar — Events &amp; Navigation › 10 — delete event shows confirmation and removes from calendar" classname="calendar-events.spec.ts" time="5.756">
</testcase>
<testcase name="Calendar — Events &amp; Navigation › 11 — filter by event type shows different visual styles" classname="calendar-events.spec.ts" time="4.717">
</testcase>
<testcase name="Calendar — Events &amp; Navigation › 12 — empty day cells show no events indicator" classname="calendar-events.spec.ts" time="5.319">
</testcase>
</testsuite>
<testsuite name="classes-deep.spec.ts" timestamp="2026-03-20T21:01:26.499Z" hostname="chromium" tests="12" failures="0" skipped="0" time="62.554" errors="0">
<testcase name="Classes — Timetable &amp; Subjects Deep › timetable page loads with class selector and week grid" classname="classes-deep.spec.ts" time="5.285">
</testcase>
<testcase name="Classes — Timetable &amp; Subjects Deep › selecting a class loads the timetable slots" classname="classes-deep.spec.ts" time="5.287">
</testcase>
<testcase name="Classes — Timetable &amp; Subjects Deep › each slot shows subject and teacher name" classname="classes-deep.spec.ts" time="5.248">
</testcase>
<testcase name="Classes — Timetable &amp; Subjects Deep › clicking an empty slot opens assignment modal" classname="classes-deep.spec.ts" time="5.35">
</testcase>
<testcase name="Classes — Timetable &amp; Subjects Deep › validation dashboard shows conflicts and warnings via API" classname="classes-deep.spec.ts" time="5.385">
</testcase>
<testcase name="Classes — Timetable &amp; Subjects Deep › timetable cleanup preview API returns orphaned entry counts" classname="classes-deep.spec.ts" time="5.267">
</testcase>
<testcase name="Classes — Timetable &amp; Subjects Deep › subjects page shows subject list per class" classname="classes-deep.spec.ts" time="5.133">
</testcase>
<testcase name="Classes — Timetable &amp; Subjects Deep › add subject modal has name and teacher assignment fields" classname="classes-deep.spec.ts" time="5.131">
</testcase>
<testcase name="Classes — Timetable &amp; Subjects Deep › assigning a teacher to subject saves correctly" classname="classes-deep.spec.ts" time="5.151">
</testcase>
<testcase name="Classes — Timetable &amp; Subjects Deep › chapter management modal shows chapters with progress" classname="classes-deep.spec.ts" time="5.127">
</testcase>
<testcase name="Classes — Timetable &amp; Subjects Deep › student assignment toggle shows all students and specific options" classname="classes-deep.spec.ts" time="5.106">
</testcase>
<testcase name="Classes — Timetable &amp; Subjects Deep › delete subject triggers removal from list" classname="classes-deep.spec.ts" time="5.084">
</testcase>
</testsuite>
<testsuite name="classes-management.spec.ts" timestamp="2026-03-20T21:01:26.499Z" hostname="chromium" tests="10" failures="0" skipped="0" time="52.127" errors="0">
<testcase name="Classes Management › classes list loads with correct class count" classname="classes-management.spec.ts" time="5.121">
</testcase>
<testcase name="Classes Management › search filters classes by name" classname="classes-management.spec.ts" time="5.59">
</testcase>
<testcase name="Classes Management › class row shows student count" classname="classes-management.spec.ts" time="5.144">
</testcase>
<testcase name="Classes Management › class row shows class teacher name" classname="classes-management.spec.ts" time="5.116">
</testcase>
<testcase name="Classes Management › class row shows subject list" classname="classes-management.spec.ts" time="5.094">
</testcase>
<testcase name="Classes Management › assign class teacher via modal" classname="classes-management.spec.ts" time="5.102">
</testcase>
<testcase name="Classes Management › delete class shows confirmation dialog" classname="classes-management.spec.ts" time="5.115">
</testcase>
<testcase name="Classes Management › class capacity and strength limit displayed" classname="classes-management.spec.ts" time="5.68">
</testcase>
<testcase name="Classes Management › navigate to class detail/dashboard" classname="classes-management.spec.ts" time="5.072">
</testcase>
<testcase name="Classes Management › empty class list shows appropriate message" classname="classes-management.spec.ts" time="5.093">
</testcase>
</testsuite>
<testsuite name="dashboard-deep.spec.ts" timestamp="2026-03-20T21:01:26.499Z" hostname="chromium" tests="15" failures="0" skipped="0" time="89.709" errors="0">
<testcase name="Dashboard Deep — Admin Widgets › admin dashboard shows 4 stat cards with correct student and staff counts" classname="dashboard-deep.spec.ts" time="6.321">
<system-err>
<![CDATA[[Mock API] Unmocked route: GET /api/settings/onboarding-status
[Mock API] Unmocked route: GET /api/substitution-alerts
[Mock API] Unmocked route: GET /api/attendance/64b100000000000000000101/2026-03-20
[Mock API] Unmocked route: GET /api/attendance/64b100000000000000000102/2026-03-20
]]>
</system-err>
</testcase>
<testcase name="Dashboard Deep — Admin Widgets › recent payments appear in activity feed with student name and amount" classname="dashboard-deep.spec.ts" time="6.308">
<system-err>
<![CDATA[[Mock API] Unmocked route: GET /api/settings/onboarding-status
[Mock API] Unmocked route: GET /api/substitution-alerts
[Mock API] Unmocked route: GET /api/attendance/64b100000000000000000101/2026-03-20
[Mock API] Unmocked route: GET /api/attendance/64b100000000000000000102/2026-03-20
]]>
</system-err>
</testcase>
<testcase name="Dashboard Deep — Admin Widgets › attendance snapshot shows present percentage in stat card" classname="dashboard-deep.spec.ts" time="6.325">
<system-err>
<![CDATA[[Mock API] Unmocked route: GET /api/settings/onboarding-status
[Mock API] Unmocked route: GET /api/substitution-alerts
[Mock API] Unmocked route: GET /api/attendance/64b100000000000000000101/2026-03-20
[Mock API] Unmocked route: GET /api/attendance/64b100000000000000000102/2026-03-20
]]>
</system-err>
</testcase>
<testcase name="Dashboard Deep — Admin Widgets › announcements appear in activity feed" classname="dashboard-deep.spec.ts" time="6.296">
<system-err>
<![CDATA[[Mock API] Unmocked route: GET /api/settings/onboarding-status
[Mock API] Unmocked route: GET /api/substitution-alerts
[Mock API] Unmocked route: GET /api/attendance/64b100000000000000000101/2026-03-20
[Mock API] Unmocked route: GET /api/attendance/64b100000000000000000102/2026-03-20
]]>
</system-err>
</testcase>
<testcase name="Dashboard Deep — Principal View › principal dashboard shows academic overview with student and staff stats" classname="dashboard-deep.spec.ts" time="6.344">
<system-err>
<![CDATA[[Mock API] Unmocked route: GET /api/substitution-alerts
[Mock API] Unmocked route: GET /api/attendance/64b100000000000000000101/2026-03-20
[Mock API] Unmocked route: GET /api/attendance/64b100000000000000000102/2026-03-20
]]>
</system-err>
</testcase>
<testcase name="Dashboard Deep — Principal View › principal sees staff attendance summary with total/present counts" classname="dashboard-deep.spec.ts" time="6.347">
<system-err>
<![CDATA[[Mock API] Unmocked route: GET /api/substitution-alerts
[Mock API] Unmocked route: GET /api/attendance/64b100000000000000000101/2026-03-20
[Mock API] Unmocked route: GET /api/attendance/64b100000000000000000102/2026-03-20
]]>
</system-err>
</testcase>
<testcase name="Dashboard Deep — Accountant View › accountant dashboard shows fee collection stats with today and monthly totals" classname="dashboard-deep.spec.ts" time="5.111">
</testcase>
<testcase name="Dashboard Deep — Accountant View › accountant sees monthly collection chart and recent transactions" classname="dashboard-deep.spec.ts" time="5.088">
</testcase>
<testcase name="Dashboard Deep — Teacher View › teacher dashboard shows assigned classes with attendance status" classname="dashboard-deep.spec.ts" time="4.964">
<system-err>
<![CDATA[[Mock API] Unmocked route: GET /api/staff/64b100000000000000000011/classes
[Mock API] Unmocked route: GET /api/staff/64b100000000000000000011/classes
[Mock API] Unmocked route: GET /api/substitution-alerts
[Mock API] Unmocked route: GET /api/staff/64b100000000000000000011/classes
]]>
</system-err>
</testcase>
<testcase name="Dashboard Deep — Teacher View › teacher sees pending tasks indicator for unmarked attendance" classname="dashboard-deep.spec.ts" time="4.964">
<system-err>
<![CDATA[[Mock API] Unmocked route: GET /api/staff/64b100000000000000000011/classes
[Mock API] Unmocked route: GET /api/staff/64b100000000000000000011/classes
[Mock API] Unmocked route: GET /api/substitution-alerts
[Mock API] Unmocked route: GET /api/staff/64b100000000000000000011/classes
]]>
</system-err>
</testcase>
<testcase name="Dashboard Deep — Widget Navigation › admin quick action links navigate to correct pages" classname="dashboard-deep.spec.ts" time="6.147">
<system-err>
<![CDATA[[Mock API] Unmocked route: GET /api/settings/onboarding-status
[Mock API] Unmocked route: GET /api/substitution-alerts
[Mock API] Unmocked route: GET /api/attendance/64b100000000000000000101/2026-03-20
]]>
</system-err>
</testcase>
<testcase name="Dashboard Deep — NPS Survey › NPS survey modal appears when API indicates eligible" classname="dashboard-deep.spec.ts" time="6.031">
<system-err>
<![CDATA[[Mock API] Unmocked route: GET /api/settings/onboarding-status
[Mock API] Unmocked route: GET /api/substitution-alerts
]]>
</system-err>
</testcase>
<testcase name="Dashboard Deep — NPS Survey › submit NPS score and feedback shows thank-you message" classname="dashboard-deep.spec.ts" time="6.23">
<system-err>
<![CDATA[[Mock API] Unmocked route: GET /api/settings/onboarding-status
[Mock API] Unmocked route: GET /api/substitution-alerts
]]>
</system-err>
</testcase>
<testcase name="Dashboard Deep — Skeleton Loaders › dashboard shows skeleton loader while data is fetching" classname="dashboard-deep.spec.ts" time="7.219">
<system-err>
<![CDATA[[Mock API] Unmocked route: GET /api/settings/onboarding-status
[Mock API] Unmocked route: GET /api/substitution-alerts
]]>
</system-err>
</testcase>
<testcase name="Dashboard Deep — Empty States › dashboard with no data shows empty state messages gracefully" classname="dashboard-deep.spec.ts" time="6.014">
<system-err>
<![CDATA[[Mock API] Unmocked route: GET /api/settings/onboarding-status
[Mock API] Unmocked route: GET /api/substitution-alerts
]]>
</system-err>
</testcase>
</testsuite>
<testsuite name="dashboard-role-views.spec.ts" timestamp="2026-03-20T21:01:26.499Z" hostname="chromium" tests="8" failures="0" skipped="0" time="46.074" errors="0">
<testcase name="Dashboard — Admin View › admin dashboard loads with student, staff, and class counts" classname="dashboard-role-views.spec.ts" time="6.324">
<system-err>
<![CDATA[[Mock API] Unmocked route: GET /api/settings/onboarding-status
[Mock API] Unmocked route: GET /api/substitution-alerts
[Mock API] Unmocked route: GET /api/attendance/64b100000000000000000101/2026-03-20
[Mock API] Unmocked route: GET /api/attendance/64b100000000000000000102/2026-03-20
]]>
</system-err>
</testcase>
<testcase name="Dashboard — Admin View › admin sees recent payments on dashboard" classname="dashboard-role-views.spec.ts" time="6.303">
<system-err>
<![CDATA[[Mock API] Unmocked route: GET /api/settings/onboarding-status
[Mock API] Unmocked route: GET /api/substitution-alerts
[Mock API] Unmocked route: GET /api/attendance/64b100000000000000000101/2026-03-20
[Mock API] Unmocked route: GET /api/attendance/64b100000000000000000102/2026-03-20
]]>
</system-err>
</testcase>
<testcase name="Dashboard — Admin View › admin dashboard shows attendance snapshot" classname="dashboard-role-views.spec.ts" time="6.281">
<system-err>
<![CDATA[[Mock API] Unmocked route: GET /api/settings/onboarding-status
[Mock API] Unmocked route: GET /api/substitution-alerts
[Mock API] Unmocked route: GET /api/attendance/64b100000000000000000101/2026-03-20
[Mock API] Unmocked route: GET /api/attendance/64b100000000000000000102/2026-03-20
]]>
</system-err>
</testcase>
<testcase name="Dashboard — Admin View › dashboard with no data shows empty states gracefully" classname="dashboard-role-views.spec.ts" time="6.001">
<system-err>
<![CDATA[[Mock API] Unmocked route: GET /api/settings/onboarding-status
[Mock API] Unmocked route: GET /api/substitution-alerts
]]>
</system-err>
</testcase>
<testcase name="Dashboard — Teacher View › teacher dashboard loads without admin features" classname="dashboard-role-views.spec.ts" time="4.959">
<system-err>
<![CDATA[[Mock API] Unmocked route: GET /api/staff/64b100000000000000000011/classes
[Mock API] Unmocked route: GET /api/staff/64b100000000000000000011/classes
[Mock API] Unmocked route: GET /api/substitution-alerts
[Mock API] Unmocked route: GET /api/staff/64b100000000000000000011/classes
]]>
</system-err>
</testcase>
<testcase name="Dashboard — Teacher View › teacher can only see assigned class data" classname="dashboard-role-views.spec.ts" time="4.944">
<system-err>
<![CDATA[[Mock API] Unmocked route: GET /api/staff/64b100000000000000000011/classes
[Mock API] Unmocked route: GET /api/staff/64b100000000000000000011/classes
[Mock API] Unmocked route: GET /api/substitution-alerts
[Mock API] Unmocked route: GET /api/staff/64b100000000000000000011/classes
]]>
</system-err>
</testcase>
<testcase name="Dashboard — Accountant View › accountant dashboard loads with fee-focused data" classname="dashboard-role-views.spec.ts" time="5.105">
</testcase>
<testcase name="Dashboard — Principal View › principal dashboard loads with full school overview" classname="dashboard-role-views.spec.ts" time="6.157">
<system-err>
<![CDATA[[Mock API] Unmocked route: GET /api/substitution-alerts
[Mock API] Unmocked route: GET /api/attendance/64b100000000000000000101/2026-03-20
]]>
</system-err>
</testcase>
</testsuite>
<testsuite name="data-tools.spec.ts" timestamp="2026-03-20T21:01:26.499Z" hostname="chromium" tests="20" failures="0" skipped="0" time="94.8" errors="0">
<testcase name="Data Tools — Background Jobs &amp; Govt Export › jobs page shows import jobs table and system jobs table" classname="data-tools.spec.ts" time="4.712">
</testcase>
<testcase name="Data Tools — Background Jobs &amp; Govt Export › job status badges render correctly" classname="data-tools.spec.ts" time="4.715">
</testcase>
<testcase name="Data Tools — Background Jobs &amp; Govt Export › job detail modal opens on click" classname="data-tools.spec.ts" time="4.784">
</testcase>
<testcase name="Data Tools — Background Jobs &amp; Govt Export › delete job confirms and removes" classname="data-tools.spec.ts" time="4.779">
</testcase>
<testcase name="Data Tools — Background Jobs &amp; Govt Export › refresh button reloads job data" classname="data-tools.spec.ts" time="4.737">
</testcase>
<testcase name="Data Tools — Background Jobs &amp; Govt Export › govt export page shows 6 export types" classname="data-tools.spec.ts" time="4.698">
</testcase>
<testcase name="Data Tools — Background Jobs &amp; Govt Export › selecting export type shows filter options" classname="data-tools.spec.ts" time="4.719">
</testcase>
<testcase name="Data Tools — Background Jobs &amp; Govt Export › format selector shows CSV, Excel, PDF buttons" classname="data-tools.spec.ts" time="4.703">
</testcase>
<testcase name="Data Tools — Background Jobs &amp; Govt Export › export triggers download with correct parameters" classname="data-tools.spec.ts" time="4.734">
</testcase>
<testcase name="Data Tools — Background Jobs &amp; Govt Export › empty academic year filter shows validation error on export" classname="data-tools.spec.ts" time="4.82">
</testcase>
<testcase name="Data Tools — Bulk Import › bulk import page loads with 4 import type cards (Students, Staff, Fee Payments, Attendance)" classname="data-tools.spec.ts" time="4.674">
</testcase>
<testcase name="Data Tools — Bulk Import › selecting an import type shows upload area" classname="data-tools.spec.ts" time="4.735">
</testcase>
<testcase name="Data Tools — Bulk Import › download template button triggers file download for selected type" classname="data-tools.spec.ts" time="4.69">
</testcase>
<testcase name="Data Tools — Bulk Import › file upload accepts CSV/XLSX/XLS only — rejects other types with error" classname="data-tools.spec.ts" time="4.681">
</testcase>
<testcase name="Data Tools — Bulk Import › drag-and-drop file upload works" classname="data-tools.spec.ts" time="4.649">
</testcase>
<testcase name="Data Tools — Bulk Import › dry run toggle is available and defaults to off" classname="data-tools.spec.ts" time="4.697">
</testcase>
<testcase name="Data Tools — Bulk Import › upload triggers POST with file and shows progress" classname="data-tools.spec.ts" time="4.784">
</testcase>
<testcase name="Data Tools — Bulk Import › import result display shows success/error counts" classname="data-tools.spec.ts" time="4.816">
</testcase>
<testcase name="Data Tools — Bulk Import › import history table shows previous imports with status badges (completed, running, queued, failed, rolled_back)" classname="data-tools.spec.ts" time="4.797">
</testcase>
<testcase name="Data Tools — Bulk Import › rollback import action changes status to rolled_back" classname="data-tools.spec.ts" time="4.876">
</testcase>
</testsuite>
<testsuite name="debug-auth.spec.ts" timestamp="2026-03-20T21:01:26.499Z" hostname="chromium" tests="1" failures="0" skipped="0" time="5.543" errors="0">
<testcase name="debug login page" classname="debug-auth.spec.ts" time="5.543">
<system-out>
<![CDATA[=== PAGE ERRORS ===
PAGE ERROR: Error creating WebGL context.
=== CONSOLE ERRORS/WARNINGS ===
CONSOLE ERROR: Failed to load resource: the server responded with a status of 401 (Unauthorized)
CONSOLE ERROR: THREE.WebGLRenderer: A WebGL context could not be created. Reason:  Could not create a WebGL context, VENDOR = 0xffff, DEVICE = 0xffff, GL_VENDOR = Google Inc. (Google), GL_RENDERER = ANGLE (Google, Vulkan 1.3.0 (SwiftShader Device (LLVM 10.0.0) (0x0000C0DE)), SwiftShader driver-5.0.0), GL_VERSION = 5.0.0, Sandboxed = no, Optimus = no, AMD switchable = no, Reset notification strategy = 0x8252, ErrorMessage = BindToCurrentSequence failed: .
CONSOLE ERROR: THREE.WebGLRenderer: A WebGL context could not be created. Reason:  Could not create a WebGL context, VENDOR = 0xffff, DEVICE = 0xffff, GL_VENDOR = Google Inc. (Google), GL_RENDERER = ANGLE (Google, Vulkan 1.3.0 (SwiftShader Device (LLVM 10.0.0) (0x0000C0DE)), SwiftShader driver-5.0.0), GL_VERSION = 5.0.0, Sandboxed = no, Optimus = no, AMD switchable = no, Reset notification strategy = 0x8252, ErrorMessage = BindToCurrentSequence failed: .
CONSOLE ERROR: THREE.WebGLRenderer: Error creating WebGL context.
CONSOLE ERROR: The above error occurred in the <ForwardRef(Canvas)> component:

    at commitLayoutMountEffects_complete (http://localhost:5173/node_modules/.vite/deps/chunk-W3FRWCAA.js?v=393d40c2:18032:17)
    at FiberProvider (http://localhost:5173/node_modules/.vite/deps/chunk-SMWCUVBP.js?v=393d40c2:18181:21)
    at CanvasWrapper
    at div
    at SchoolBuilding3D (http://localhost:5173/src/components/visual/SchoolBuilding3D.jsx:672:49)
    at Suspense
    at ErrorBoundary (http://localhost:5173/src/components/common/ErrorBoundary.jsx:9:5)
    at commitLayoutMountEffects_complete (http://localhost:5173/node_modules/.vite/deps/chunk-W3FRWCAA.js?v=393d40c2:18032:17)
    at div
    at div
    at Login (http://localhost:5173/src/pages/Login.jsx:46:17)
    at commitLayoutMountEffects_complete (http://localhost:5173/node_modules/.vite/deps/chunk-W3FRWCAA.js?v=393d40c2:18032:17)
    at commitLayoutMountEffects_complete (http://localhost:5173/node_modules/.vite/deps/chunk-W3FRWCAA.js?v=393d40c2:18032:17)
    at Suspense
    at AppRoutes (http://localhost:5173/src/App.jsx:905:46)
    at commitLayoutMountEffects_complete (http://localhost:5173/node_modules/.vite/deps/chunk-W3FRWCAA.js?v=393d40c2:18032:17)
    at commitLayoutMountEffects_complete (http://localhost:5173/node_modules/.vite/deps/chunk-W3FRWCAA.js?v=393d40c2:18032:17)
    at commitLayoutMountEffects_complete (http://localhost:5173/node_modules/.vite/deps/chunk-W3FRWCAA.js?v=393d40c2:18032:17)
    at commitLayoutMountEffects_complete (http://localhost:5173/node_modules/.vite/deps/chunk-W3FRWCAA.js?v=393d40c2:18032:17)
    at commitLayoutMountEffects_complete (http://localhost:5173/node_modules/.vite/deps/chunk-W3FRWCAA.js?v=393d40c2:18032:17)
    at commitLayoutMountEffects_complete (http://localhost:5173/node_modules/.vite/deps/chunk-W3FRWCAA.js?v=393d40c2:18032:17)
    at commitLayoutMountEffects_complete (http://localhost:5173/node_modules/.vite/deps/chunk-W3FRWCAA.js?v=393d40c2:18032:17)
    at commitLayoutMountEffects_complete (http://localhost:5173/node_modules/.vite/deps/chunk-W3FRWCAA.js?v=393d40c2:18032:17)
    at commitLayoutMountEffects_complete (http://localhost:5173/node_modules/.vite/deps/chunk-W3FRWCAA.js?v=393d40c2:18032:17)
    at commitLayoutMountEffects_complete (http://localhost:5173/node_modules/.vite/deps/chunk-W3FRWCAA.js?v=393d40c2:18032:17)
    at commitLayoutMountEffects_complete (http://localhost:5173/node_modules/.vite/deps/chunk-W3FRWCAA.js?v=393d40c2:18032:17)
    at commitLayoutMountEffects_complete (http://localhost:5173/node_modules/.vite/deps/chunk-W3FRWCAA.js?v=393d40c2:18032:17)
    at commitLayoutMountEffects_complete (http://localhost:5173/node_modules/.vite/deps/chunk-W3FRWCAA.js?v=393d40c2:18032:17)
    at App
    at commitLayoutMountEffects_complete (http://localhost:5173/node_modules/.vite/deps/chunk-W3FRWCAA.js?v=393d40c2:18032:17)
    at commitLayoutMountEffects_complete (http://localhost:5173/node_modules/.vite/deps/chunk-W3FRWCAA.js?v=393d40c2:18032:17)
    at commitLayoutMountEffects_complete (http://localhost:5173/node_modules/.vite/deps/chunk-W3FRWCAA.js?v=393d40c2:18032:17)
    at J (http://localhost:5173/node_modules/.vite/deps/next-themes.js?v=393d40c2:42:18)
    at div
    at $f57aed4a881a3485$var$OverlayContainerDOM (http://localhost:5173/node_modules/.vite/deps/chunk-KFGSZWVW.js?v=393d40c2:9185:32)
    at commitLayoutMountEffects_complete (http://localhost:5173/node_modules/.vite/deps/chunk-W3FRWCAA.js?v=393d40c2:18032:17)
    at $f57aed4a881a3485$export$bf688221f59024e5
    at commitLayoutMountEffects_complete (http://localhost:5173/node_modules/.vite/deps/chunk-W3FRWCAA.js?v=393d40c2:18032:17)
    at commitLayoutMountEffects_complete (http://localhost:5173/node_modules/.vite/deps/chunk-W3FRWCAA.js?v=393d40c2:18032:17)
    at commitLayoutMountEffects_complete (http://localhost:5173/node_modules/.vite/deps/chunk-W3FRWCAA.js?v=393d40c2:18032:17)
    at commitLayoutMountEffects_complete (http://localhost:5173/node_modules/.vite/deps/chunk-W3FRWCAA.js?v=393d40c2:18032:17)
    at commitLayoutMountEffects_complete (http://localhost:5173/node_modules/.vite/deps/chunk-W3FRWCAA.js?v=393d40c2:18032:17)

React will try to recreate this component tree from scratch using the error boundary you provided, ErrorBoundary.
CONSOLE ERROR: [ErrorBoundary] Caught error: {name: Error, message: Error creating WebGL context., stack: Error: Error creating WebGL context.
    at new We….vite/deps/chunk-W3FRWCAA.js?v=393d40c2:18000:19)} 
    at commitLayoutMountEffects_complete (http://localhost:5173/node_modules/.vite/deps/chunk-W3FRWCAA.js?v=393d40c2:18032:17)
    at FiberProvider (http://localhost:5173/node_modules/.vite/deps/chunk-SMWCUVBP.js?v=393d40c2:18181:21)
    at CanvasWrapper
    at div
    at SchoolBuilding3D (http://localhost:5173/src/components/visual/SchoolBuilding3D.jsx:672:49)
    at Suspense
    at ErrorBoundary (http://localhost:5173/src/components/common/ErrorBoundary.jsx:9:5)
    at commitLayoutMountEffects_complete (http://localhost:5173/node_modules/.vite/deps/chunk-W3FRWCAA.js?v=393d40c2:18032:17)
    at div
    at div
    at Login (http://localhost:5173/src/pages/Login.jsx:46:17)
    at commitLayoutMountEffects_complete (http://localhost:5173/node_modules/.vite/deps/chunk-W3FRWCAA.js?v=393d40c2:18032:17)
    at commitLayoutMountEffects_complete (http://localhost:5173/node_modules/.vite/deps/chunk-W3FRWCAA.js?v=393d40c2:18032:17)
    at Suspense
    at AppRoutes (http://localhost:5173/src/App.jsx:905:46)
    at commitLayoutMountEffects_complete (http://localhost:5173/node_modules/.vite/deps/chunk-W3FRWCAA.js?v=393d40c2:18032:17)
    at commitLayoutMountEffects_complete (http://localhost:5173/node_modules/.vite/deps/chunk-W3FRWCAA.js?v=393d40c2:18032:17)
    at commitLayoutMountEffects_complete (http://localhost:5173/node_modules/.vite/deps/chunk-W3FRWCAA.js?v=393d40c2:18032:17)
    at commitLayoutMountEffects_complete (http://localhost:5173/node_modules/.vite/deps/chunk-W3FRWCAA.js?v=393d40c2:18032:17)
    at commitLayoutMountEffects_complete (http://localhost:5173/node_modules/.vite/deps/chunk-W3FRWCAA.js?v=393d40c2:18032:17)
    at commitLayoutMountEffects_complete (http://localhost:5173/node_modules/.vite/deps/chunk-W3FRWCAA.js?v=393d40c2:18032:17)
    at commitLayoutMountEffects_complete (http://localhost:5173/node_modules/.vite/deps/chunk-W3FRWCAA.js?v=393d40c2:18032:17)
    at commitLayoutMountEffects_complete (http://localhost:5173/node_modules/.vite/deps/chunk-W3FRWCAA.js?v=393d40c2:18032:17)
    at commitLayoutMountEffects_complete (http://localhost:5173/node_modules/.vite/deps/chunk-W3FRWCAA.js?v=393d40c2:18032:17)
    at commitLayoutMountEffects_complete (http://localhost:5173/node_modules/.vite/deps/chunk-W3FRWCAA.js?v=393d40c2:18032:17)
    at commitLayoutMountEffects_complete (http://localhost:5173/node_modules/.vite/deps/chunk-W3FRWCAA.js?v=393d40c2:18032:17)
    at commitLayoutMountEffects_complete (http://localhost:5173/node_modules/.vite/deps/chunk-W3FRWCAA.js?v=393d40c2:18032:17)
    at commitLayoutMountEffects_complete (http://localhost:5173/node_modules/.vite/deps/chunk-W3FRWCAA.js?v=393d40c2:18032:17)
    at App
    at commitLayoutMountEffects_complete (http://localhost:5173/node_modules/.vite/deps/chunk-W3FRWCAA.js?v=393d40c2:18032:17)
    at commitLayoutMountEffects_complete (http://localhost:5173/node_modules/.vite/deps/chunk-W3FRWCAA.js?v=393d40c2:18032:17)
    at commitLayoutMountEffects_complete (http://localhost:5173/node_modules/.vite/deps/chunk-W3FRWCAA.js?v=393d40c2:18032:17)
    at J (http://localhost:5173/node_modules/.vite/deps/next-themes.js?v=393d40c2:42:18)
    at div
    at $f57aed4a881a3485$var$OverlayContainerDOM (http://localhost:5173/node_modules/.vite/deps/chunk-KFGSZWVW.js?v=393d40c2:9185:32)
    at commitLayoutMountEffects_complete (http://localhost:5173/node_modules/.vite/deps/chunk-W3FRWCAA.js?v=393d40c2:18032:17)
    at $f57aed4a881a3485$export$bf688221f59024e5
    at commitLayoutMountEffects_complete (http://localhost:5173/node_modules/.vite/deps/chunk-W3FRWCAA.js?v=393d40c2:18032:17)
    at commitLayoutMountEffects_complete (http://localhost:5173/node_modules/.vite/deps/chunk-W3FRWCAA.js?v=393d40c2:18032:17)
    at commitLayoutMountEffects_complete (http://localhost:5173/node_modules/.vite/deps/chunk-W3FRWCAA.js?v=393d40c2:18032:17)
    at commitLayoutMountEffects_complete (http://localhost:5173/node_modules/.vite/deps/chunk-W3FRWCAA.js?v=393d40c2:18032:17)
    at commitLayoutMountEffects_complete (http://localhost:5173/node_modules/.vite/deps/chunk-W3FRWCAA.js?v=393d40c2:18032:17)
=== BODY TEXT ===
S
SchoolSync
Welcome to SchoolSync

Sign in to access your dashboard

Email Address *
Password *
Forgot password?
Sign In

New to SchoolSync? Create a school account

Or continue with

Demo credentials:

vikram@school.com
•
password123
Auto-fill

© 2026 SchoolSync

Privacy Policy

We use cookies

We use cookies to enhance your experience. You can choose which categories to allow. Privacy Policy

Customise preferences
Reject non-essential
Accept all
=== ROOT DIV INNER HTML ===
<div data-overlay-container="true"><script nonce="">((e, i, s, u, m, a, l, h) => {
  let d = document.documentElement, w = ["light", "dark"];
  function p(n) {
    (Array.isArray(e) ? e : [e]).forEach((y) => {
      let k = y === "class", S = k && a ? m.map((f) => a[f] || f) : m;
      k ? (d.classList.remove(...S), d.classList.add(a && a[n] ? a[n] : n)) : d.setAttribute(y, n);
    }), R(n);
  }
  function R(n) {
    h && w.includes(n) && (d.style.colorScheme = n);
  }
  function c() {
    return window.matchMedia("(prefers-color-scheme: dark)").matches ? "dark" : "light";
  }
  if (u) p(u);
  else try {
    let n = localStorage.getItem(i) || s, y = l && n === "system" ? c() : n;
    p(y);
  } catch (n) {
  }
})("class","theme","light",null,["light","dark"],null,true,true)</script><div class="h-screen w-screen flex flex-col lg:flex-row overflow-hidden"><div class="hidden lg:flex flex-1 relative overflow-hidden h-full"><div class="w-full h-full bg-gradient-to-br from-teal-50 to-teal-100
]]>
</system-out>
</testcase>
</testsuite>
<testsuite name="exams-and-results.spec.ts" timestamp="2026-03-20T21:01:26.499Z" hostname="chromium" tests="12" failures="0" skipped="0" time="62.66" errors="0">
<testcase name="Exams &amp; Results › exam list page loads" classname="exams-and-results.spec.ts" time="5.086">
</testcase>
<testcase name="Exams &amp; Results › exam list shows correct exam count" classname="exams-and-results.spec.ts" time="5.118">
</testcase>
<testcase name="Exams &amp; Results › exam status chips show correct states" classname="exams-and-results.spec.ts" time="5.105">
</testcase>
<testcase name="Exams &amp; Results › filter exams by status" classname="exams-and-results.spec.ts" time="5.097">
</testcase>
<testcase name="Exams &amp; Results › exam detail page shows subjects and marks" classname="exams-and-results.spec.ts" time="5.091">
</testcase>
<testcase name="Exams &amp; Results › results show grade computation" classname="exams-and-results.spec.ts" time="5.074">
</testcase>
<testcase name="Exams &amp; Results › published results have published status" classname="exams-and-results.spec.ts" time="5.12">
</testcase>
<testcase name="Exams &amp; Results › exam with no results shows empty state" classname="exams-and-results.spec.ts" time="5.094">
</testcase>
<testcase name="Exams &amp; Results › delete exam shows confirmation" classname="exams-and-results.spec.ts" time="5.081">
</testcase>
<testcase name="Exams &amp; Results › class filter shows only exams for selected class" classname="exams-and-results.spec.ts" time="5.085">
</testcase>
<testcase name="Exams &amp; Results › multiple exams per class are listed" classname="exams-and-results.spec.ts" time="5.094">
</testcase>
<testcase name="Exams &amp; Results › student results accessible from student detail" classname="exams-and-results.spec.ts" time="6.615">
</testcase>
</testsuite>
<testsuite name="fee-collection.spec.ts" timestamp="2026-03-20T21:01:26.499Z" hostname="chromium" tests="10" failures="0" skipped="0" time="56.046" errors="0">
<testcase name="Fee Collection &amp; Payments › fee payments page loads with payment list" classname="fee-collection.spec.ts" time="5.099">
</testcase>
<testcase name="Fee Collection &amp; Payments › payment history shows recorded transactions" classname="fee-collection.spec.ts" time="5.123">
</testcase>
<testcase name="Fee Collection &amp; Payments › student fee structure shows correct breakdown" classname="fee-collection.spec.ts" time="6.393">
</testcase>
<testcase name="Fee Collection &amp; Payments › fully paid student shows paid status" classname="fee-collection.spec.ts" time="6.382">
</testcase>
<testcase name="Fee Collection &amp; Payments › partial payment student shows correct balance" classname="fee-collection.spec.ts" time="6.358">
</testcase>
<testcase name="Fee Collection &amp; Payments › pending student shows full balance due" classname="fee-collection.spec.ts" time="6.412">
</testcase>
<testcase name="Fee Collection &amp; Payments › fee page with no students shows empty state" classname="fee-collection.spec.ts" time="4.962">
</testcase>
<testcase name="Fee Collection &amp; Payments › multiple payment modes tracked correctly" classname="fee-collection.spec.ts" time="5.112">
</testcase>
<testcase name="Fee Collection &amp; Payments › receipt numbers are sequential" classname="fee-collection.spec.ts" time="5.095">
</testcase>
<testcase name="Fee Collection &amp; Payments › fee collection summary shows total collected vs pending" classname="fee-collection.spec.ts" time="5.11">
</testcase>
</testsuite>
<testsuite name="fee-payment-online.spec.ts" timestamp="2026-03-20T21:01:26.499Z" hostname="chromium" tests="2" failures="0" skipped="0" time="14.132" errors="0">
<testcase name="E2E-05 — fee payment online → receipt generated → accountant dashboard updated › collects an online payment, generates a receipt, and updates the payments table" classname="fee-payment-online.spec.ts" time="7.447">
</testcase>
<testcase name="E2E-05 — fee payment online → receipt generated → accountant dashboard updated › shows the correct student details on the receipt" classname="fee-payment-online.spec.ts" time="6.685">
</testcase>
</testsuite>
<testsuite name="front-desk-appointments.spec.ts" timestamp="2026-03-20T21:01:26.499Z" hostname="chromium" tests="15" failures="0" skipped="0" time="91.712" errors="0">
<testcase name="Front Desk — Appointments › 1 — appointments list loads with date, visitor, purpose, staff, status columns" classname="front-desk-appointments.spec.ts" time="5.897">
</testcase>
<testcase name="Front Desk — Appointments › 2 — create appointment with visitor name, purpose, date, time, and staff selection" classname="front-desk-appointments.spec.ts" time="6.3">
</testcase>
<testcase name="Front Desk — Appointments › 3 — edit appointment details" classname="front-desk-appointments.spec.ts" time="6.279">
</testcase>
<testcase name="Front Desk — Appointments › 4 — cancel appointment changes status with reason" classname="front-desk-appointments.spec.ts" time="5.944">
</testcase>
<testcase name="Front Desk — Appointments › 5 — mark appointment as completed" classname="front-desk-appointments.spec.ts" time="5.912">
</testcase>
<testcase name="Front Desk — Appointments › 6 — no-show status marking" classname="front-desk-appointments.spec.ts" time="5.95">
</testcase>
<testcase name="Front Desk — Appointments › 7 — filter appointments by status and date range" classname="front-desk-appointments.spec.ts" time="6.016">
</testcase>
<testcase name="Front Desk — Feedbacks › 8 — feedbacks list shows all feedback entries with type badges" classname="front-desk-appointments.spec.ts" time="5.918">
</testcase>
<testcase name="Front Desk — Feedbacks › 9 — respond to feedback opens response modal" classname="front-desk-appointments.spec.ts" time="6.358">
</testcase>
<testcase name="Front Desk — Feedbacks › 10 — submit response updates feedback status to resolved" classname="front-desk-appointments.spec.ts" time="5.969">
</testcase>
<testcase name="Front Desk — Feedbacks › 11 — filter feedbacks by type (complaint/suggestion/appreciation)" classname="front-desk-appointments.spec.ts" time="5.894">
</testcase>
<testcase name="Front Desk — Call Logs › 12 — call logs list shows caller, phone, purpose, handler" classname="front-desk-appointments.spec.ts" time="5.89">
</testcase>
<testcase name="Front Desk — Call Logs › 13 — add new call log with form validation" classname="front-desk-appointments.spec.ts" time="6.778">
</testcase>
<testcase name="Front Desk — Call Logs › 14 — phone number validation on call log form" classname="front-desk-appointments.spec.ts" time="6.711">
</testcase>
<testcase name="Front Desk — Call Logs › 15 — search across appointments, feedbacks, and call logs" classname="front-desk-appointments.spec.ts" time="5.896">
</testcase>
</testsuite>
<testsuite name="front-desk-visitors.spec.ts" timestamp="2026-03-20T21:01:26.499Z" hostname="chromium" tests="11" failures="0" skipped="0" time="61.4" errors="0">
<testcase name="Front Desk — Visitors › visitor log page loads with entries" classname="front-desk-visitors.spec.ts" time="5.382">
</testcase>
<testcase name="Front Desk — Visitors › visitor list shows visitor names and purposes" classname="front-desk-visitors.spec.ts" time="5.382">
</testcase>
<testcase name="Front Desk — Visitors › checked-in visitors show active status" classname="front-desk-visitors.spec.ts" time="5.377">
</testcase>
<testcase name="Front Desk — Visitors › checked-out visitors show completed status" classname="front-desk-visitors.spec.ts" time="5.711">
</testcase>
<testcase name="Front Desk — Visitors › search visitors by name" classname="front-desk-visitors.spec.ts" time="5.38">
</testcase>
<testcase name="Front Desk — Visitors › visitor linked to student shows student name" classname="front-desk-visitors.spec.ts" time="5.7">
</testcase>
<testcase name="Front Desk — Visitors › empty visitor log shows appropriate state" classname="front-desk-visitors.spec.ts" time="5.389">
</testcase>
<testcase name="Front Desk — Visitors › visitor purpose categories are displayed" classname="front-desk-visitors.spec.ts" time="5.728">
</testcase>
<testcase name="Front Desk — Gate Passes › gate passes list loads" classname="front-desk-visitors.spec.ts" time="5.684">
</testcase>
<testcase name="Front Desk — Gate Passes › gate passes show student names" classname="front-desk-visitors.spec.ts" time="5.766">
</testcase>
<testcase name="Front Desk — Gate Passes › gate pass approval status displayed" classname="front-desk-visitors.spec.ts" time="5.901">
</testcase>
</testsuite>
<testsuite name="global-features.spec.ts" timestamp="2026-03-20T21:01:26.499Z" hostname="chromium" tests="16" failures="0" skipped="0" time="124.844" errors="0">
<testcase name="Global Features — Search, Permissions, Onboarding &amp; Error Boundary › GlobalSearch opens with Cmd+K / Ctrl+K keyboard shortcut" classname="global-features.spec.ts" time="6.22">
<system-err>
<![CDATA[[Mock API] Unmocked route: GET /api/settings/onboarding-status
[Mock API] Unmocked route: GET /api/substitution-alerts
[Mock API] Unmocked route: GET /api/attendance/64b100000000000000000101/2026-03-20
]]>
</system-err>
</testcase>
<testcase name="Global Features — Search, Permissions, Onboarding &amp; Error Boundary › Search returns results grouped by type (students, staff, classes)" classname="global-features.spec.ts" time="7.21">
<system-err>
<![CDATA[[Mock API] Unmocked route: GET /api/settings/onboarding-status
[Mock API] Unmocked route: GET /api/substitution-alerts
[Mock API] Unmocked route: GET /api/attendance/64b100000000000000000101/2026-03-20
]]>
</system-err>
</testcase>
<testcase name="Global Features — Search, Permissions, Onboarding &amp; Error Boundary › Click search result navigates to correct detail page" classname="global-features.spec.ts" time="7.47">
<system-err>
<![CDATA[[Mock API] Unmocked route: GET /api/settings/onboarding-status
[Mock API] Unmocked route: GET /api/substitution-alerts
[Mock API] Unmocked route: GET /api/attendance/64b100000000000000000101/2026-03-20
]]>
</system-err>
</testcase>
<testcase name="Global Features — Search, Permissions, Onboarding &amp; Error Boundary › Empty search shows recent items or suggestions" classname="global-features.spec.ts" time="6.219">
<system-err>
<![CDATA[[Mock API] Unmocked route: GET /api/settings/onboarding-status
[Mock API] Unmocked route: GET /api/substitution-alerts
[Mock API] Unmocked route: GET /api/attendance/64b100000000000000000101/2026-03-20
]]>
</system-err>
</testcase>
<testcase name="Global Features — Search, Permissions, Onboarding &amp; Error Boundary › Search debounces input to avoid excessive API calls" classname="global-features.spec.ts" time="6.84">
<system-err>
<![CDATA[[Mock API] Unmocked route: GET /api/settings/onboarding-status
[Mock API] Unmocked route: GET /api/substitution-alerts
[Mock API] Unmocked route: GET /api/attendance/64b100000000000000000101/2026-03-20
]]>
</system-err>
</testcase>
<testcase name="Global Features — Search, Permissions, Onboarding &amp; Error Boundary › PermissionGuard hides elements user lacks permission for" classname="global-features.spec.ts" time="5.279">
<system-err>
<![CDATA[[Mock API] Unmocked route: GET /api/staff/64b100000000000000000011/classes
[Mock API] Unmocked route: GET /api/staff/64b100000000000000000011/classes
[Mock API] Unmocked route: GET /api/substitution-alerts
[Mock API] Unmocked route: GET /api/staff/64b100000000000000000011/classes
]]>
</system-err>
</testcase>
<testcase name="Global Features — Search, Permissions, Onboarding &amp; Error Boundary › PermissionGuard shows fallback for restricted pages" classname="global-features.spec.ts" time="4.68">
<system-err>
<![CDATA[[Mock API] Unmocked route: GET /api/staff/64b100000000000000000011/classes
[Mock API] Unmocked route: GET /api/staff/64b100000000000000000011/classes
[Mock API] Unmocked route: GET /api/staff/64b100000000000000000011/classes
]]>
</system-err>
</testcase>
<testcase name="Global Features — Search, Permissions, Onboarding &amp; Error Boundary › Admin sees all menu items, teacher sees limited set" classname="global-features.spec.ts" time="11.65">
<system-err>
<![CDATA[[Mock API] Unmocked route: GET /api/settings/onboarding-status
[Mock API] Unmocked route: GET /api/substitution-alerts
[Mock API] Unmocked route: GET /api/attendance/64b100000000000000000101/2026-03-20
[Mock API] Unmocked route: GET /api/staff/64b100000000000000000011/classes
[Mock API] Unmocked route: GET /api/staff/64b100000000000000000011/classes
[Mock API] Unmocked route: GET /api/substitution-alerts
[Mock API] Unmocked route: GET /api/staff/64b100000000000000000011/classes
]]>
</system-err>
</testcase>
<testcase name="Global Features — Search, Permissions, Onboarding &amp; Error Boundary › OnboardingFlow shows checklist for new schools" classname="global-features.spec.ts" time="6.136">
<system-err>
<![CDATA[[Mock API] Unmocked route: GET /api/settings/onboarding-status
[Mock API] Unmocked route: GET /api/substitution-alerts
[Mock API] Unmocked route: GET /api/attendance/64b100000000000000000101/2026-03-20
]]>
</system-err>
</testcase>
<testcase name="Global Features — Search, Permissions, Onboarding &amp; Error Boundary › Complete onboarding step updates progress" classname="global-features.spec.ts" time="6.21">
<system-err>
<![CDATA[[Mock API] Unmocked route: GET /api/settings/onboarding-status
[Mock API] Unmocked route: GET /api/substitution-alerts
[Mock API] Unmocked route: GET /api/attendance/64b100000000000000000101/2026-03-20
]]>
</system-err>
</testcase>
<testcase name="Global Features — Search, Permissions, Onboarding &amp; Error Boundary › Skip onboarding dismisses and does not show again" classname="global-features.spec.ts" time="6.683">
<system-err>
<![CDATA[[Mock API] Unmocked route: GET /api/settings/onboarding-status
[Mock API] Unmocked route: GET /api/substitution-alerts
[Mock API] Unmocked route: GET /api/attendance/64b100000000000000000101/2026-03-20
]]>
</system-err>
</testcase>
<testcase name="Global Features — Search, Permissions, Onboarding &amp; Error Boundary › ErrorBoundary catches render errors and shows fallback UI" classname="global-features.spec.ts" time="6.189">
<system-err>
<![CDATA[[Mock API] Unmocked route: GET /api/settings/onboarding-status
[Mock API] Unmocked route: GET /api/substitution-alerts
[Mock API] Unmocked route: GET /api/attendance/64b100000000000000000101/2026-03-20
]]>
</system-err>
</testcase>
<testcase name="Global Features — Search, Permissions, Onboarding &amp; Error Boundary › ErrorBoundary retry button re-renders component" classname="global-features.spec.ts" time="18.503">
<system-err>
<![CDATA[[Mock API] Unmocked route: GET /api/settings/onboarding-status
[Mock API] Unmocked route: GET /api/substitution-alerts
[Mock API] Unmocked route: GET /api/attendance/64b100000000000000000101/2026-03-20
[Mock API] Unmocked route: GET /api/settings/onboarding-status
[Mock API] Unmocked route: GET /api/substitution-alerts
[Mock API] Unmocked route: GET /api/attendance/64b100000000000000000101/2026-03-20
[Mock API] Unmocked route: GET /api/settings/onboarding-status
[Mock API] Unmocked route: GET /api/substitution-alerts
[Mock API] Unmocked route: GET /api/attendance/64b100000000000000000101/2026-03-20
]]>
</system-err>
</testcase>
<testcase name="Global Features — Search, Permissions, Onboarding &amp; Error Boundary › Cookie consent banner appears on first visit" classname="global-features.spec.ts" time="6.676">
<system-err>
<![CDATA[[Mock API] Unmocked route: GET /api/settings/onboarding-status
[Mock API] Unmocked route: GET /api/substitution-alerts
[Mock API] Unmocked route: GET /api/attendance/64b100000000000000000101/2026-03-20
]]>
</system-err>
</testcase>
<testcase name="Global Features — Search, Permissions, Onboarding &amp; Error Boundary › Accepting cookies dismisses banner permanently" classname="global-features.spec.ts" time="12.738">
<system-err>
<![CDATA[[Mock API] Unmocked route: GET /api/settings/onboarding-status
[Mock API] Unmocked route: GET /api/substitution-alerts
[Mock API] Unmocked route: GET /api/attendance/64b100000000000000000101/2026-03-20
[Mock API] Unmocked route: GET /api/settings/onboarding-status
[Mock API] Unmocked route: GET /api/substitution-alerts
[Mock API] Unmocked route: GET /api/attendance/64b100000000000000000101/2026-03-20
]]>
</system-err>
</testcase>
<testcase name="Global Features — Search, Permissions, Onboarding &amp; Error Boundary › Notification bell shows unread count badge" classname="global-features.spec.ts" time="6.141">
<system-err>
<![CDATA[[Mock API] Unmocked route: GET /api/settings/onboarding-status
[Mock API] Unmocked route: GET /api/substitution-alerts
[Mock API] Unmocked route: GET /api/attendance/64b100000000000000000101/2026-03-20
]]>
</system-err>
</testcase>
</testsuite>
<testsuite name="homework-management.spec.ts" timestamp="2026-03-20T21:01:26.499Z" hostname="chromium" tests="12" failures="0" skipped="0" time="68.395" errors="0">
<testcase name="Homework Management › homework page loads showing homework cards" classname="homework-management.spec.ts" time="5.259">
</testcase>
<testcase name="Homework Management › cards show title, subject, class, teacher, due date, status" classname="homework-management.spec.ts" time="5.22">
</testcase>
<testcase name="Homework Management › search filters homework by title" classname="homework-management.spec.ts" time="5.726">
</testcase>
<testcase name="Homework Management › class filter dropdown filters by selected class" classname="homework-management.spec.ts" time="6.642">
</testcase>
<testcase name="Homework Management › status filter works for active, cancelled, completed" classname="homework-management.spec.ts" time="5.595">
</testcase>
<testcase name="Homework Management › overdue homework shows visual indicator" classname="homework-management.spec.ts" time="5.239">
</testcase>
<testcase name="Homework Management › create homework modal validates required fields" classname="homework-management.spec.ts" time="6.37">
</testcase>
<testcase name="Homework Management › creating homework with all fields adds card to list" classname="homework-management.spec.ts" time="9.574">
</testcase>
<testcase name="Homework Management › attaching files to homework works" classname="homework-management.spec.ts" time="6.849">
</testcase>
<testcase name="Homework Management › delete homework shows confirmation and removes card" classname="homework-management.spec.ts" time="6.238">
</testcase>
<testcase name="Homework Management › empty state shown when no homework exists" classname="homework-management.spec.ts" time="5.22">
</testcase>
<testcase name="Homework Management › loading skeleton renders during initial fetch" classname="homework-management.spec.ts" time="0.463">
</testcase>
</testsuite>
<testsuite name="hostel-management.spec.ts" timestamp="2026-03-20T21:01:26.499Z" hostname="chromium" tests="15" failures="0" skipped="0" time="85.986" errors="0">
<testcase name="Hostel Management — Hostels, Rooms &amp; Allocations › 1 — dashboard loads with 6 stat cards (Total Hostels, Rooms, Capacity, Occupied, Available, Occupancy Rate %)" classname="hostel-management.spec.ts" time="4.966">
</testcase>
<testcase name="Hostel Management — Hostels, Rooms &amp; Allocations › 2 — hostels tab shows hostel list with name, type, warden, capacity" classname="hostel-management.spec.ts" time="4.939">
</testcase>
<testcase name="Hostel Management — Hostels, Rooms &amp; Allocations › 3 — add hostel modal validates required fields (name, type, capacity)" classname="hostel-management.spec.ts" time="5.753">
</testcase>
<testcase name="Hostel Management — Hostels, Rooms &amp; Allocations › 4 — creating hostel adds to list" classname="hostel-management.spec.ts" time="6.447">
</testcase>
<testcase name="Hostel Management — Hostels, Rooms &amp; Allocations › 5 — edit hostel pre-fills form and saves" classname="hostel-management.spec.ts" time="4.928">
</testcase>
<testcase name="Hostel Management — Hostels, Rooms &amp; Allocations › 6 — delete hostel confirms and removes" classname="hostel-management.spec.ts" time="4.979">
</testcase>
<testcase name="Hostel Management — Hostels, Rooms &amp; Allocations › 7 — rooms tab shows room list with room number, floor, type, capacity, hostel name" classname="hostel-management.spec.ts" time="5.457">
</testcase>
<testcase name="Hostel Management — Hostels, Rooms &amp; Allocations › 8 — add room modal requires room number, hostel selection, capacity" classname="hostel-management.spec.ts" time="6.335">
</testcase>
<testcase name="Hostel Management — Hostels, Rooms &amp; Allocations › 9 — room creation links to correct hostel" classname="hostel-management.spec.ts" time="6.508">
</testcase>
<testcase name="Hostel Management — Hostels, Rooms &amp; Allocations › 10 — allocations tab shows student-room assignments" classname="hostel-management.spec.ts" time="5.46">
</testcase>
<testcase name="Hostel Management — Hostels, Rooms &amp; Allocations › 11 — add allocation modal shows student picker and room picker" classname="hostel-management.spec.ts" time="5.883">
</testcase>
<testcase name="Hostel Management — Hostels, Rooms &amp; Allocations › 12 — allocation with check-in/check-out dates saves correctly" classname="hostel-management.spec.ts" time="6.783">
</testcase>
<testcase name="Hostel Management — Hostels, Rooms &amp; Allocations › 13 — stat cards update after adding allocation (occupiedBeds +1, availableBeds -1)" classname="hostel-management.spec.ts" time="4.943">
</testcase>
<testcase name="Hostel Management — Hostels, Rooms &amp; Allocations › 14 — empty states per tab when no data" classname="hostel-management.spec.ts" time="6.012">
</testcase>
<testcase name="Hostel Management — Hostels, Rooms &amp; Allocations › 15 — tab switching preserves state correctly" classname="hostel-management.spec.ts" time="6.593">
</testcase>
</testsuite>
<testsuite name="intake-forms.spec.ts" timestamp="2026-03-20T21:01:26.499Z" hostname="chromium" tests="18" failures="1" skipped="0" time="91.408" errors="0">
<testcase name="Intake Forms — Enrollment Funnel &amp; Analytics › enrollment funnel page loads with 6 stage visualization bars" classname="intake-forms.spec.ts" time="4.767">
</testcase>
<testcase name="Intake Forms — Enrollment Funnel &amp; Analytics › each stage shows correct count from API" classname="intake-forms.spec.ts" time="4.845">
</testcase>
<testcase name="Intake Forms — Enrollment Funnel &amp; Analytics › conversion rates display correctly" classname="intake-forms.spec.ts" time="4.804">
</testcase>
<testcase name="Intake Forms — Enrollment Funnel &amp; Analytics › funnel bars are proportionally sized (Invited widest, Enrolled narrowest)" classname="intake-forms.spec.ts" time="4.814">
</testcase>
<testcase name="Intake Forms — Enrollment Funnel &amp; Analytics › loading skeleton shows during data fetch" classname="intake-forms.spec.ts" time="4.843">
</testcase>
<testcase name="Intake Forms — Enrollment Funnel &amp; Analytics › empty state when funnel API returns zero counts" classname="intake-forms.spec.ts" time="4.821">
</testcase>
<testcase name="Intake Forms — Assignments &amp; Submissions › 1 — assignments table loads with columns: form, recipient, status, date" classname="intake-forms.spec.ts" time="4.933">
</testcase>
<testcase name="Intake Forms — Assignments &amp; Submissions › 2 — filter by status (all/pending/submitted/approved/rejected) works" classname="intake-forms.spec.ts" time="4.992">
</testcase>
<testcase name="Intake Forms — Assignments &amp; Submissions › 3 — create new assignment modal opens with form selection, email/phone, expiry" classname="intake-forms.spec.ts" time="5.032">
</testcase>
<testcase name="Intake Forms — Assignments &amp; Submissions › 4 — created assignment appears in table with pending status" classname="intake-forms.spec.ts" time="5.449">
</testcase>
<testcase name="Intake Forms — Assignments &amp; Submissions › 5 — re-send link action triggers API call" classname="intake-forms.spec.ts" time="5.385">
</testcase>
<testcase name="Intake Forms — Assignments &amp; Submissions › 6 — copy form link copies to clipboard" classname="intake-forms.spec.ts" time="5.389">
</testcase>
<testcase name="Intake Forms — Assignments &amp; Submissions › 7 — delete assignment confirms and removes" classname="intake-forms.spec.ts" time="5.36">
</testcase>
<testcase name="Intake Forms — Assignments &amp; Submissions › 8 — submissions table loads with status badges (pending/approved/rejected)" classname="intake-forms.spec.ts" time="4.967">
<failure message="intake-forms.spec.ts:286:3 8 — submissions table loads with status badges (pending/approved/rejected)" type="FAILURE">
<![CDATA[  [chromium] › intake-forms.spec.ts:286:3 › Intake Forms — Assignments & Submissions › 8 — submissions table loads with status badges (pending/approved/rejected) 

    Error: expect(received).toContain(expected) // indexOf

    Expected substring: "approved"
    Received string:    "
        ((e, i, s, u, m, a, l, h) => {
      let d = document.documentElement, w = [\"light\", \"dark\"];
      function p(n) {
        (Array.isArray(e) ? e : [e]).forEach((y) => {
          let k = y === \"class\", S = k && a ? m.map((f) => a[f] || f) : m;
          k ? (d.classList.remove(...S), d.classList.add(a && a[n] ? a[n] : n)) : d.setAttribute(y, n);
        }), R(n);
      }
      function R(n) {
        h && w.includes(n) && (d.style.colorScheme = n);
      }
      function c() {
        return window.matchMedia(\"(prefers-color-scheme: dark)\").matches ? \"dark\" : \"light\";
      }
      if (u) p(u);
      else try {
        let n = localStorage.getItem(i) || s, y = l && n === \"system\" ? c() : n;
        p(y);
      } catch (n) {
      }
    })(\"class\",\"theme\",\"light\",null,[\"light\",\"dark\"],null,true,true)Skip to main contentSSchoolSyncDashboardCalendarSchool EMSStudentsStaffClassesAcademicsHomeworkMessagingFeesTransportHostelInventoryLibraryHelp CenterReportsFront DeskAnalyticsSettingsDark ModeDinesh AdminadminIntake-formsSubmissionsSearch...KYou're accessing the system before school hours. School starts at 08:30.Form SubmissionsReview and approve staff onboarding submissionsPendingApprovedRejectedAllFORM NAMESUBMITTED BYSUBMITTED DATESTATUSREVIEWED BYACTIONSStudent Admission Formadmissionparent2@example.comMar 12, 2026 20:00pending-·········
    "

      294 |     const body = await page.textContent('body');
      295 |     expect(body).toContain('pending');
    > 296 |     expect(body).toContain('approved');
          |                  ^
      297 |     expect(body).toContain('rejected');
      298 |     expect(body).toContain('Student Admission Form');
      299 |   });
        at /Users/dinesh/Documents/GitHub/EMS/school-dashboard/tests/intake-forms.spec.ts:296:18

    attachment #1: screenshot (image/png) ──────────────────────────────────────────────────────────
    ../../.playwright-artifacts/school-dashboard/output/intake-forms-Intake-Forms--7d5ae--pending-approved-rejected--chromium/test-failed-1.png
    ────────────────────────────────────────────────────────────────────────────────────────────────

    attachment #2: video (video/webm) ──────────────────────────────────────────────────────────────
    ../../.playwright-artifacts/school-dashboard/output/intake-forms-Intake-Forms--7d5ae--pending-approved-rejected--chromium/video.webm
    ────────────────────────────────────────────────────────────────────────────────────────────────

    Error Context: ../../.playwright-artifacts/school-dashboard/output/intake-forms-Intake-Forms--7d5ae--pending-approved-rejected--chromium/error-context.md

    attachment #4: trace (application/zip) ─────────────────────────────────────────────────────────
    ../../.playwright-artifacts/school-dashboard/output/intake-forms-Intake-Forms--7d5ae--pending-approved-rejected--chromium/trace.zip
    Usage:

        npx playwright show-trace ../../.playwright-artifacts/school-dashboard/output/intake-forms-Intake-Forms--7d5ae--pending-approved-rejected--chromium/trace.zip

    ────────────────────────────────────────────────────────────────────────────────────────────────
]]>
</failure>
<system-out>
<![CDATA[
[[ATTACHMENT|../output/intake-forms-Intake-Forms--7d5ae--pending-approved-rejected--chromium/test-failed-1.png]]

[[ATTACHMENT|../output/intake-forms-Intake-Forms--7d5ae--pending-approved-rejected--chromium/video.webm]]

[[ATTACHMENT|../output/intake-forms-Intake-Forms--7d5ae--pending-approved-rejected--chromium/error-context.md]]

[[ATTACHMENT|../output/intake-forms-Intake-Forms--7d5ae--pending-approved-rejected--chromium/trace.zip]]
]]>
</system-out>
</testcase>
<testcase name="Intake Forms — Assignments &amp; Submissions › 9 — filter by status works on submissions" classname="intake-forms.spec.ts" time="4.917">
</testcase>
<testcase name="Intake Forms — Assignments &amp; Submissions › 10 — review submission modal shows full submitted data" classname="intake-forms.spec.ts" time="5.34">
</testcase>
<testcase name="Intake Forms — Assignments &amp; Submissions › 11 — approve action with notes updates status to approved" classname="intake-forms.spec.ts" time="5.416">
</testcase>
<testcase name="Intake Forms — Assignments &amp; Submissions › 12 — reject action with notes updates status to rejected" classname="intake-forms.spec.ts" time="5.334">
</testcase>
</testsuite>
<testsuite name="inventory-management.spec.ts" timestamp="2026-03-20T21:01:26.499Z" hostname="chromium" tests="22" failures="0" skipped="0" time="157.284" errors="0">
<testcase name="Inventory — Maintenance, Procurement, Audits &amp; Reports › 1 — shows scheduled, in-progress, and completed maintenance items" classname="inventory-management.spec.ts" time="6.403">
</testcase>
<testcase name="Inventory — Maintenance, Procurement, Audits &amp; Reports › 2 — schedule maintenance modal with type selection (PREVENTIVE, CORRECTIVE, INSPECTION)" classname="inventory-management.spec.ts" time="7.021">
</testcase>
<testcase name="Inventory — Maintenance, Procurement, Audits &amp; Reports › 3 — maintenance status transitions work correctly" classname="inventory-management.spec.ts" time="6.383">
</testcase>
<testcase name="Inventory — Maintenance, Procurement, Audits &amp; Reports › 4 — request list shows status chips (PENDING, APPROVED, REJECTED, PURCHASED)" classname="inventory-management.spec.ts" time="6.406">
</testcase>
<testcase name="Inventory — Maintenance, Procurement, Audits &amp; Reports › 5 — new procurement request saves" classname="inventory-management.spec.ts" time="7.399">
</testcase>
<testcase name="Inventory — Maintenance, Procurement, Audits &amp; Reports › 6 — approve/reject actions work for pending procurement requests" classname="inventory-management.spec.ts" time="6.923">
</testcase>
<testcase name="Inventory — Maintenance, Procurement, Audits &amp; Reports › 7 — audit list displays correctly with title, status, dates, and item counts" classname="inventory-management.spec.ts" time="6.383">
</testcase>
<testcase name="Inventory — Maintenance, Procurement, Audits &amp; Reports › 8 — new audit creation works" classname="inventory-management.spec.ts" time="7.411">
</testcase>
<testcase name="Inventory — Maintenance, Procurement, Audits &amp; Reports › 9 — reports tab renders report view with totals, category breakdown, and summaries" classname="inventory-management.spec.ts" time="6.408">
</testcase>
<testcase name="Inventory — Maintenance, Procurement, Audits &amp; Reports › 10 — status badge colors match all enum values across all tabs" classname="inventory-management.spec.ts" time="18.848">
</testcase>
<testcase name="Inventory — Assets &amp; Vendors › 1. Assets tab loads with asset list showing name, category, status, condition chips" classname="inventory-management.spec.ts" time="5.881">
</testcase>
<testcase name="Inventory — Assets &amp; Vendors › 2. Search filters assets by name" classname="inventory-management.spec.ts" time="6.368">
</testcase>
<testcase name="Inventory — Assets &amp; Vendors › 3. Category filter works (FURNITURE, ELECTRONICS, LAB_EQUIPMENT, SPORTS, STATIONERY, VEHICLE, OTHER)" classname="inventory-management.spec.ts" time="5.875">
</testcase>
<testcase name="Inventory — Assets &amp; Vendors › 4. Low-stock alert banner shows when assets below minQuantity" classname="inventory-management.spec.ts" time="5.862">
</testcase>
<testcase name="Inventory — Assets &amp; Vendors › 5. Create asset modal has 14 fields, validates required ones (name, category)" classname="inventory-management.spec.ts" time="6.877">
</testcase>
<testcase name="Inventory — Assets &amp; Vendors › 6. Edit asset pre-fills and saves" classname="inventory-management.spec.ts" time="6.375">
</testcase>
<testcase name="Inventory — Assets &amp; Vendors › 7. Delete asset confirms and removes" classname="inventory-management.spec.ts" time="5.861">
</testcase>
<testcase name="Inventory — Assets &amp; Vendors › 8. Vendors tab shows vendor list" classname="inventory-management.spec.ts" time="6.42">
</testcase>
<testcase name="Inventory — Assets &amp; Vendors › 9. Create vendor validates name and contact fields" classname="inventory-management.spec.ts" time="7.164">
</testcase>
<testcase name="Inventory — Assets &amp; Vendors › 10. Edit/delete vendor works" classname="inventory-management.spec.ts" time="7.739">
</testcase>
<testcase name="Inventory — Assets &amp; Vendors › 11. Tab switching works correctly without data loss" classname="inventory-management.spec.ts" time="6.884">
</testcase>
<testcase name="Inventory — Assets &amp; Vendors › 12. Empty states render per tab" classname="inventory-management.spec.ts" time="6.393">
</testcase>
</testsuite>
<testsuite name="library-deep.spec.ts" timestamp="2026-03-20T21:01:26.499Z" hostname="chromium" tests="12" failures="3" skipped="0" time="60.393" errors="0">
<testcase name="Library — Issue/Return, Overdue &amp; Reports Deep › issued tab shows issued books with title, student, and status" classname="library-deep.spec.ts" time="5.002">
</testcase>
<testcase name="Library — Issue/Return, Overdue &amp; Reports Deep › overdue tab shows overdue books with status" classname="library-deep.spec.ts" time="4.99">
</testcase>
<testcase name="Library — Issue/Return, Overdue &amp; Reports Deep › overdue books display fine information" classname="library-deep.spec.ts" time="5.035">
</testcase>
<testcase name="Library — Issue/Return, Overdue &amp; Reports Deep › overdue alert banner appears on dashboard" classname="library-deep.spec.ts" time="4.936">
</testcase>
<testcase name="Library — Issue/Return, Overdue &amp; Reports Deep › dashboard stats show correct book and issue counts" classname="library-deep.spec.ts" time="4.908">
</testcase>
<testcase name="Library — Issue/Return, Overdue &amp; Reports Deep › issued tab shows return button for active issues" classname="library-deep.spec.ts" time="5.049">
<failure message="library-deep.spec.ts:133:3 issued tab shows return button for active issues" type="FAILURE">
<![CDATA[  [chromium] › library-deep.spec.ts:133:3 › Library — Issue/Return, Overdue & Reports Deep › issued tab shows return button for active issues 

    Error: expect(received).toBeTruthy()

    Received: false

      141 |     const returnBtn = page.getByRole('button', { name: /return/i }).first();
      142 |     const visible = await returnBtn.isVisible({ timeout: 5000 }).catch(() => false);
    > 143 |     expect(visible).toBeTruthy();
          |                     ^
      144 |   });
      145 |
      146 |   // ── Test 7: Reserved tab shows empty state when no reservations ──
        at /Users/dinesh/Documents/GitHub/EMS/school-dashboard/tests/library-deep.spec.ts:143:21

    attachment #1: screenshot (image/png) ──────────────────────────────────────────────────────────
    ../../.playwright-artifacts/school-dashboard/output/library-deep-Library-—-Iss-3f639-rn-button-for-active-issues-chromium/test-failed-1.png
    ────────────────────────────────────────────────────────────────────────────────────────────────

    attachment #2: video (video/webm) ──────────────────────────────────────────────────────────────
    ../../.playwright-artifacts/school-dashboard/output/library-deep-Library-—-Iss-3f639-rn-button-for-active-issues-chromium/video.webm
    ────────────────────────────────────────────────────────────────────────────────────────────────

    Error Context: ../../.playwright-artifacts/school-dashboard/output/library-deep-Library-—-Iss-3f639-rn-button-for-active-issues-chromium/error-context.md

    attachment #4: trace (application/zip) ─────────────────────────────────────────────────────────
    ../../.playwright-artifacts/school-dashboard/output/library-deep-Library-—-Iss-3f639-rn-button-for-active-issues-chromium/trace.zip
    Usage:

        npx playwright show-trace ../../.playwright-artifacts/school-dashboard/output/library-deep-Library-—-Iss-3f639-rn-button-for-active-issues-chromium/trace.zip

    ────────────────────────────────────────────────────────────────────────────────────────────────
]]>
</failure>
<system-out>
<![CDATA[
[[ATTACHMENT|../output/library-deep-Library-—-Iss-3f639-rn-button-for-active-issues-chromium/test-failed-1.png]]

[[ATTACHMENT|../output/library-deep-Library-—-Iss-3f639-rn-button-for-active-issues-chromium/video.webm]]

[[ATTACHMENT|../output/library-deep-Library-—-Iss-3f639-rn-button-for-active-issues-chromium/error-context.md]]

[[ATTACHMENT|../output/library-deep-Library-—-Iss-3f639-rn-button-for-active-issues-chromium/trace.zip]]
]]>
</system-out>
</testcase>
[...]
</testcase>
<testcase name="BUG-09 mediumOfInstruction and house are silently dropped › create payload does not include mediumOfInstruction or house (Mongoose schema missing them)" classname="student-audit-bugs.spec.ts" time="8.099">
</testcase>
<testcase name="BUG-10 duplicate rollNo should be rejected by backend › backend rejects duplicate rollNo for same class and academic year" classname="student-audit-bugs.spec.ts" time="3.454">
<system-out>
<![CDATA[BUG-10: Duplicate rollNo was accepted without error — unique index partial filter may be misconfigured
]]>
</system-out>
</testcase>
<testcase name="BUG-11 parent validation: empty parents array should show clear error › student creation fails gracefully when no parent is provided" classname="student-audit-bugs.spec.ts" time="3.571">
</testcase>
<testcase name="student list search and filter › search by student name filters results" classname="student-audit-bugs.spec.ts" time="4.57">
</testcase>
<testcase name="student list search and filter › search by parent phone number filters results" classname="student-audit-bugs.spec.ts" time="4.08">
</testcase>
<testcase name="student list search and filter › filter by status shows only active students" classname="student-audit-bugs.spec.ts" time="4.353">
</testcase>
<testcase name="student document management › documents tab shows uploaded documents" classname="student-audit-bugs.spec.ts" time="2.851">
</testcase>
<testcase name="student document management › uploading a new document adds it to the list" classname="student-audit-bugs.spec.ts" time="3.013">
</testcase>
<testcase name="student deletion › deleting a student removes them from the list" classname="student-audit-bugs.spec.ts" time="7.482">
</testcase>
<testcase name="transfer certificate generation › TC generator modal opens and displays student name" classname="student-audit-bugs.spec.ts" time="3.447">
</testcase>
<testcase name="student promotion › promote modal opens and shows next class options" classname="student-audit-bugs.spec.ts" time="3.492">
</testcase>
<testcase name="remarks tab filtering by category › remarks filter by academic category only shows academic remarks" classname="student-audit-bugs.spec.ts" time="4.739">
</testcase>
<testcase name="student profile print › print profile button exists on student dashboard" classname="student-audit-bugs.spec.ts" time="3.453">
</testcase>
<testcase name="student CSV import › import button is present in student list" classname="student-audit-bugs.spec.ts" time="0.783">
</testcase>
</testsuite>
<testsuite name="student-create-and-edit.spec.ts" timestamp="2026-03-20T21:01:26.499Z" hostname="chromium" tests="2" failures="0" skipped="0" time="23" errors="0">
<testcase name="student create and edit flows › validates required fields, date format, and guardian phone details" classname="student-create-and-edit.spec.ts" time="3.584">
</testcase>
<testcase name="student create and edit flows › creates a student and updates profile details from the dashboard edit drawer" classname="student-create-and-edit.spec.ts" time="19.416">
</testcase>
</testsuite>
<testsuite name="student-create-drawer.spec.ts" timestamp="2026-03-20T21:01:26.499Z" hostname="chromium" tests="33" failures="0" skipped="0" time="176.319" errors="0">
<testcase name="Step 1 — Personal Info validation › shows required errors when Continue is clicked with empty fields" classname="student-create-drawer.spec.ts" time="2.454">
</testcase>
<testcase name="Step 1 — Personal Info validation › strips numbers from full name input" classname="student-create-drawer.spec.ts" time="2.092">
</testcase>
<testcase name="Step 1 — Personal Info validation › rejects invalid date format and invalid calendar dates" classname="student-create-drawer.spec.ts" time="3.754">
</testcase>
<testcase name="Step 1 — Personal Info validation › accepts valid date and advances to step 2" classname="student-create-drawer.spec.ts" time="3.214">
</testcase>
<testcase name="Step 1 — Personal Info validation › auto-fills roll number from API after class selection" classname="student-create-drawer.spec.ts" time="5.256">
</testcase>
<testcase name="Step 1 — Personal Info validation › mobile number accepts only 10 digits" classname="student-create-drawer.spec.ts" time="2.073">
</testcase>
<testcase name="Step 1 — Personal Info validation › aadhaar number limits to 12 digits" classname="student-create-drawer.spec.ts" time="1.963">
</testcase>
<testcase name="Step 1 — Personal Info validation › ZIP code auto-fills city and state" classname="student-create-drawer.spec.ts" time="2.757">
</testcase>
<testcase name="Step 2 — Parent Details validation › requires parent name and phone number" classname="student-create-drawer.spec.ts" time="3.32">
</testcase>
<testcase name="Step 2 — Parent Details validation › rejects invalid phone number (less than 10 digits)" classname="student-create-drawer.spec.ts" time="3.597">
</testcase>
<testcase name="Step 2 — Parent Details validation › accepts valid parent details and advances to step 3" classname="student-create-drawer.spec.ts" time="3.401">
</testcase>
<testcase name="Step 2 — Parent Details validation › can add and remove a second parent" classname="student-create-drawer.spec.ts" time="4.321">
</testcase>
<testcase name="Step 2 — Parent Details validation › can add guardian with relationship" classname="student-create-drawer.spec.ts" time="3.839">
</testcase>
<testcase name="Step 2 — Parent Details validation › can add sibling and toggle same school" classname="student-create-drawer.spec.ts" time="3.972">
</testcase>
<testcase name="Step 2 — Parent Details validation › transport and hostel toggle cards work" classname="student-create-drawer.spec.ts" time="4.327">
</testcase>
<testcase name="Step 3 — Document uploads › shows document upload header with all upload fields" classname="student-create-drawer.spec.ts" time="3.676">
</testcase>
<testcase name="Step 3 — Document uploads › can upload and remove birth certificate" classname="student-create-drawer.spec.ts" time="3.893">
</testcase>
<testcase name="Step 3 — Document uploads › can upload multiple other documents" classname="student-create-drawer.spec.ts" time="3.763">
</testcase>
<testcase name="Full student creation flow › creates student with all fields and verifies API payload" classname="student-create-drawer.spec.ts" time="8.488">
</testcase>
<testcase name="Full student creation flow › created student appears in student list after creation" classname="student-create-drawer.spec.ts" time="13.196">
</testcase>
<testcase name="Full student creation flow › created student detail page shows correct data" classname="student-create-drawer.spec.ts" time="11.822">
</testcase>
<testcase name="Full student creation flow › parent details are saved correctly in API payload" classname="student-create-drawer.spec.ts" time="8.447">
</testcase>
<testcase name="Full student creation flow › medical conditions and transport preferences are saved" classname="student-create-drawer.spec.ts" time="8.019">
</testcase>
<testcase name="Auth and API integration › student creation sends authenticated request" classname="student-create-drawer.spec.ts" time="8.696">
</testcase>
<testcase name="Auth and API integration › student list is fetched with proper auth" classname="student-create-drawer.spec.ts" time="3.985">
</testcase>
<testcase name="Stepper navigation › stepper shows step 1 of 3 on initial load" classname="student-create-drawer.spec.ts" time="1.822">
</testcase>
<testcase name="Stepper navigation › Back button is hidden on step 1" classname="student-create-drawer.spec.ts" time="1.84">
</testcase>
<testcase name="Stepper navigation › can navigate back from step 2 to step 1" classname="student-create-drawer.spec.ts" time="3.833">
</testcase>
<testcase name="Stepper navigation › step 1 data is preserved after navigating back from step 2" classname="student-create-drawer.spec.ts" time="3.843">
</testcase>
<testcase name="Data shown in other pages after creation › student detail page shows address and parent info" classname="student-create-drawer.spec.ts" time="11.308">
</testcase>
<testcase name="Data shown in other pages after creation › student appears with correct class label in list" classname="student-create-drawer.spec.ts" time="12.711">
</testcase>
<testcase name="Data shown in other pages after creation › attendance records are seeded for created student" classname="student-create-drawer.spec.ts" time="8.478">
</testcase>
<testcase name="Data shown in other pages after creation › results are seeded for created student" classname="student-create-drawer.spec.ts" time="8.159">
</testcase>
</testsuite>
<testsuite name="student-cross-module-visibility.spec.ts" timestamp="2026-03-20T21:01:26.499Z" hostname="chromium" tests="1" failures="0" skipped="0" time="23.482" errors="0">
<testcase name="student cross-module visibility › shows a newly created student across list, attendance, classes, and front desk flows" classname="student-cross-module-visibility.spec.ts" time="23.482">
</testcase>
</testsuite>
<testsuite name="student-fees-and-remarks.spec.ts" timestamp="2026-03-20T21:01:26.499Z" hostname="chromium" tests="2" failures="0" skipped="0" time="13.747" errors="0">
<testcase name="student fees and remarks workflows › initializes fee structure and records a payment from the student dashboard" classname="student-fees-and-remarks.spec.ts" time="7.134">
</testcase>
<testcase name="student fees and remarks workflows › adds a remark and filters remarks by category" classname="student-fees-and-remarks.spec.ts" time="6.613">
</testcase>
</testsuite>
<testsuite name="student-lifecycle.spec.ts" timestamp="2026-03-20T21:01:26.499Z" hostname="chromium" tests="1" failures="0" skipped="0" time="30.894" errors="0">
<testcase name="student module lifecycle › covers creation, profile data, visualizations, fees, remarks, documents, ratings, promotion, and cross-module visibility" classname="student-lifecycle.spec.ts" time="30.894">
<properties>
<property name="slow" value="">
</property>
</properties>
</testcase>
</testsuite>
<testsuite name="students-certificates-promotion.spec.ts" timestamp="2026-03-20T21:01:26.499Z" hostname="chromium" tests="14" failures="0" skipped="0" time="59.061" errors="0">
<testcase name="Students — Certificates › 1) student profile shows quick-action buttons for all certificate types" classname="students-certificates-promotion.spec.ts" time="3.62">
</testcase>
<testcase name="Students — Certificates › 2) generate bonafide certificate with purpose field" classname="students-certificates-promotion.spec.ts" time="4.818">
</testcase>
<testcase name="Students — Certificates › 3) generate character certificate with conduct rating and remarks" classname="students-certificates-promotion.spec.ts" time="4.58">
</testcase>
<testcase name="Students — Certificates › 4) generate transfer certificate with reason and last attendance date" classname="students-certificates-promotion.spec.ts" time="6.062">
<system-err>
<![CDATA[[Mock API] Unmocked route: POST /api/settings/next-tc-number
[Mock API] Unmocked route: POST /api/settings/next-tc-number
]]>
</system-err>
</testcase>
<testcase name="Students — Certificates › 5) download generated certificate as PDF (print window)" classname="students-certificates-promotion.spec.ts" time="4.185">
</testcase>
<testcase name="Students — Certificates › 6) certificate preview before download shows student data" classname="students-certificates-promotion.spec.ts" time="3.126">
</testcase>
<testcase name="Students — Bulk Promotion › 7) bulk promotion page shows academic year selectors" classname="students-certificates-promotion.spec.ts" time="1.201">
</testcase>
<testcase name="Students — Bulk Promotion › 8) select eligible students for promotion with class mappings" classname="students-certificates-promotion.spec.ts" time="3.268">
</testcase>
<testcase name="Students — Bulk Promotion › 9) choose target class for promotion in mappings" classname="students-certificates-promotion.spec.ts" time="3.12">
</testcase>
<testcase name="Students — Bulk Promotion › 10) promote selected students and verify success count" classname="students-certificates-promotion.spec.ts" time="5.777">
</testcase>
<testcase name="Students — Bulk Promotion › 11) ineligible students (low attendance) shown with detained suggestion" classname="students-certificates-promotion.spec.ts" time="4.837">
</testcase>
<testcase name="Students — Bulk Promotion › 12) promote all eligible with single bulk action and rollback" classname="students-certificates-promotion.spec.ts" time="5.74">
</testcase>
<testcase name="Students — Ratings Deep › 13) ratings tab displays all five rating dimensions with stars" classname="students-certificates-promotion.spec.ts" time="3.112">
</testcase>
<testcase name="Students — Ratings Deep › 14) edit ratings and save updates to backend" classname="students-certificates-promotion.spec.ts" time="5.615">
</testcase>
</testsuite>
<testsuite name="super-admin.spec.ts" timestamp="2026-03-20T21:01:26.499Z" hostname="chromium" tests="15" failures="0" skipped="0" time="24.021" errors="0">
<testcase name="Super Admin Dashboard › page loads with summary cards" classname="super-admin.spec.ts" time="1.264">
</testcase>
<testcase name="Super Admin Dashboard › schools tab shows school table with details" classname="super-admin.spec.ts" time="1.27">
</testcase>
<testcase name="Super Admin Dashboard › create school form validates required fields" classname="super-admin.spec.ts" time="1.442">
</testcase>
<testcase name="Super Admin Dashboard › created school appears in table" classname="super-admin.spec.ts" time="1.879">
</testcase>
<testcase name="Super Admin Dashboard › inline edit school fields saves correctly" classname="super-admin.spec.ts" time="1.482">
</testcase>
<testcase name="Super Admin Dashboard › provision school action triggers API and shows success" classname="super-admin.spec.ts" time="1.425">
</testcase>
<testcase name="Super Admin Dashboard › feature flags tab shows flag list" classname="super-admin.spec.ts" time="1.478">
</testcase>
<testcase name="Super Admin Dashboard › editing a feature flag triggers PUT" classname="super-admin.spec.ts" time="1.705">
</testcase>
<testcase name="Super Admin Dashboard › jobs tab shows system jobs with status badges" classname="super-admin.spec.ts" time="1.838">
</testcase>
<testcase name="Super Admin Dashboard › job detail modal opens on click" classname="super-admin.spec.ts" time="1.727">
</testcase>
<testcase name="Super Admin Dashboard › schedule job form creates new scheduled job" classname="super-admin.spec.ts" time="1.753">
</testcase>
<testcase name="Super Admin Dashboard › changelog tab shows release notes" classname="super-admin.spec.ts" time="1.525">
</testcase>
<testcase name="Super Admin Dashboard › growth tab shows signup/conversion metrics" classname="super-admin.spec.ts" time="1.752">
</testcase>
<testcase name="Super Admin Dashboard › school health tab shows per-school health indicators" classname="super-admin.spec.ts" time="1.552">
</testcase>
<testcase name="Super Admin Dashboard › plan filter works on growth tab" classname="super-admin.spec.ts" time="1.929">
</testcase>
</testsuite>
<testsuite name="timetable-wizard.spec.ts" timestamp="2026-03-20T21:01:26.499Z" hostname="chromium" tests="8" failures="0" skipped="0" time="48.108" errors="0">
<testcase name="Timetable Wizard — Full Generation Workflow › wizard loads with sidebar tabs: Missing Subjects, Teachers, Generate, View" classname="timetable-wizard.spec.ts" time="5.233">
</testcase>
<testcase name="Timetable Wizard — Full Generation Workflow › Missing Subjects tab shows classes with unassigned subjects" classname="timetable-wizard.spec.ts" time="5.347">
</testcase>
<testcase name="Timetable Wizard — Full Generation Workflow › subject selection dropdowns work per class" classname="timetable-wizard.spec.ts" time="5.851">
</testcase>
<testcase name="Timetable Wizard — Full Generation Workflow › save subject assignments triggers API call and shows success" classname="timetable-wizard.spec.ts" time="5.695">
</testcase>
<testcase name="Timetable Wizard — Full Generation Workflow › Generate tab shows generate button" classname="timetable-wizard.spec.ts" time="5.258">
</testcase>
<testcase name="Timetable Wizard — Full Generation Workflow › generate triggers API call and shows result" classname="timetable-wizard.spec.ts" time="6.274">
</testcase>
<testcase name="Timetable Wizard — Full Generation Workflow › View tab shows timetable cards for each class" classname="timetable-wizard.spec.ts" time="5.271">
</testcase>
<testcase name="Timetable Wizard — Full Generation Workflow › error handling when generation fails shows conflict message" classname="timetable-wizard.spec.ts" time="9.179">
</testcase>
</testsuite>
<testsuite name="transport-management.spec.ts" timestamp="2026-03-20T21:01:26.499Z" hostname="chromium" tests="15" failures="0" skipped="0" time="85.349" errors="0">
<testcase name="Transport Management — Routes &amp; Vehicles › 1 — transport page loads with Routes tab active showing route list" classname="transport-management.spec.ts" time="5.033">
</testcase>
<testcase name="Transport Management — Routes &amp; Vehicles › 2 — route cards display name, stops count, vehicle, student count, status chip" classname="transport-management.spec.ts" time="4.814">
</testcase>
<testcase name="Transport Management — Routes &amp; Vehicles › 3 — search filters routes by name" classname="transport-management.spec.ts" time="5.291">
</testcase>
<testcase name="Transport Management — Routes &amp; Vehicles › 4 — status filter shows only active or inactive routes" classname="transport-management.spec.ts" time="5.68">
</testcase>
<testcase name="Transport Management — Routes &amp; Vehicles › 5 — create Route modal opens, validates required fields, saves successfully" classname="transport-management.spec.ts" time="6.171">
</testcase>
<testcase name="Transport Management — Routes &amp; Vehicles › 6 — edit route pre-fills form and saves changes" classname="transport-management.spec.ts" time="5.844">
</testcase>
<testcase name="Transport Management — Routes &amp; Vehicles › 7 — delete route shows confirmation dialog and removes from list" classname="transport-management.spec.ts" time="5.341">
</testcase>
<testcase name="Transport Management — Routes &amp; Vehicles › 8 — assign Students modal opens, shows student list, assigns to route" classname="transport-management.spec.ts" time="6.738">
</testcase>
<testcase name="Transport Management — Routes &amp; Vehicles › 9 — switching to Vehicles tab loads vehicle list" classname="transport-management.spec.ts" time="5.342">
</testcase>
<testcase name="Transport Management — Routes &amp; Vehicles › 10 — vehicle cards show registration, type, capacity, driver info, status" classname="transport-management.spec.ts" time="5.317">
</testcase>
<testcase name="Transport Management — Routes &amp; Vehicles › 11 — search filters vehicles by registration number" classname="transport-management.spec.ts" time="5.837">
</testcase>
<testcase name="Transport Management — Routes &amp; Vehicles › 12 — create Vehicle modal validates registration, capacity &gt; 0" classname="transport-management.spec.ts" time="6.336">
</testcase>
<testcase name="Transport Management — Routes &amp; Vehicles › 13 — edit vehicle updates driver info correctly" classname="transport-management.spec.ts" time="6.329">
</testcase>
<testcase name="Transport Management — Routes &amp; Vehicles › 14 — delete vehicle shows confirmation and removes" classname="transport-management.spec.ts" time="5.904">
</testcase>
<testcase name="Transport Management — Routes &amp; Vehicles › 15 — empty state shows when no routes/vehicles exist" classname="transport-management.spec.ts" time="5.372">
</testcase>
</testsuite>
</testsuites>